09 февр. 2024 - 00:20:04 INFO  org.example.kunuz.KunUzApplication - Starting KunUzApplication using Java 17.0.5 with PID 110584 (C:\Ixtiyorxon\Projects\KunUz\KunUz\target\classes started by msigaming in C:\Ixtiyorxon\Projects\KunUz\KunUz)
09 февр. 2024 - 00:20:04 INFO  org.example.kunuz.KunUzApplication - The following 1 profile is active: "local"
09 февр. 2024 - 00:20:05 INFO  o.s.d.r.c.RepositoryConfigurationDelegate - Bootstrapping Spring Data JPA repositories in DEFAULT mode.
09 февр. 2024 - 00:20:05 INFO  o.s.d.r.c.RepositoryConfigurationDelegate - Finished Spring Data repository scanning in 48 ms. Found 8 JPA repository interfaces.
09 февр. 2024 - 00:20:05 INFO  o.s.b.w.e.tomcat.TomcatWebServer - Tomcat initialized with port 8080 (http)
09 февр. 2024 - 00:20:05 INFO  o.a.catalina.core.StandardService - Starting service [Tomcat]
09 февр. 2024 - 00:20:05 INFO  o.a.catalina.core.StandardEngine - Starting Servlet engine: [Apache Tomcat/10.1.18]
09 февр. 2024 - 00:20:06 INFO  o.a.c.c.C.[Tomcat].[localhost].[/] - Initializing Spring embedded WebApplicationContext
09 февр. 2024 - 00:20:06 INFO  o.s.b.w.s.c.ServletWebServerApplicationContext - Root WebApplicationContext: initialization completed in 1308 ms
09 февр. 2024 - 00:20:06 INFO  o.a.catalina.core.StandardContext - Suspicious URL pattern: [/region/adm/**] in context [], see sections 12.1 and 12.2 of the Servlet specification
09 февр. 2024 - 00:20:06 INFO  o.a.catalina.core.StandardContext - Suspicious URL pattern: [/category/**] in context [], see sections 12.1 and 12.2 of the Servlet specification
09 февр. 2024 - 00:20:06 INFO  o.a.catalina.core.StandardContext - Suspicious URL pattern: [/articletype/admin/**] in context [], see sections 12.1 and 12.2 of the Servlet specification
09 февр. 2024 - 00:20:06 INFO  o.a.catalina.core.StandardContext - Suspicious URL pattern: [/profile/**] in context [], see sections 12.1 and 12.2 of the Servlet specification
09 февр. 2024 - 00:20:06 INFO  o.h.jpa.internal.util.LogHelper - HHH000204: Processing PersistenceUnitInfo [name: default]
09 февр. 2024 - 00:20:06 INFO  org.hibernate.Version - HHH000412: Hibernate ORM core version 6.4.1.Final
09 февр. 2024 - 00:20:06 INFO  o.h.c.i.RegionFactoryInitiator - HHH000026: Second-level cache disabled
09 февр. 2024 - 00:20:06 INFO  o.s.o.j.p.SpringPersistenceUnitInfo - No LoadTimeWeaver setup: ignoring JPA class transformer
09 февр. 2024 - 00:20:06 INFO  com.zaxxer.hikari.HikariDataSource - HikariPool-1 - Starting...
09 февр. 2024 - 00:20:06 INFO  com.zaxxer.hikari.pool.HikariPool - HikariPool-1 - Added connection org.postgresql.jdbc.PgConnection@1c92a549
09 февр. 2024 - 00:20:06 INFO  com.zaxxer.hikari.HikariDataSource - HikariPool-1 - Start completed.
09 февр. 2024 - 00:20:07 INFO  o.h.e.t.j.p.i.JtaPlatformInitiator - HHH000489: No JTA platform available (set 'hibernate.transaction.jta.platform' to enable JTA platform integration)
09 февр. 2024 - 00:20:07 INFO  o.s.o.j.LocalContainerEntityManagerFactoryBean - Initialized JPA EntityManagerFactory for persistence unit 'default'
09 февр. 2024 - 00:20:07 INFO  o.s.d.j.r.query.QueryEnhancerFactory - Hibernate is in classpath; If applicable, HQL parser will be used.
09 февр. 2024 - 00:20:08 WARN  o.s.b.a.o.j.JpaBaseConfiguration$JpaWebConfiguration - spring.jpa.open-in-view is enabled by default. Therefore, database queries may be performed during view rendering. Explicitly configure spring.jpa.open-in-view to disable this warning
09 февр. 2024 - 00:20:08 INFO  o.s.b.w.e.tomcat.TomcatWebServer - Tomcat started on port 8080 (http) with context path ''
09 февр. 2024 - 00:20:08 INFO  org.example.kunuz.KunUzApplication - Started KunUzApplication in 4.508 seconds (process running for 5.232)
09 февр. 2024 - 19:05:31 INFO  org.example.kunuz.KunUzApplication - Starting KunUzApplication using Java 17.0.5 with PID 13780 (C:\Ixtiyorxon\Projects\KunUz\KunUz\target\classes started by msigaming in C:\Ixtiyorxon\Projects\KunUz\KunUz)
09 февр. 2024 - 19:05:31 INFO  org.example.kunuz.KunUzApplication - The following 1 profile is active: "local"
09 февр. 2024 - 19:05:32 INFO  o.s.d.r.c.RepositoryConfigurationDelegate - Bootstrapping Spring Data JPA repositories in DEFAULT mode.
09 февр. 2024 - 19:05:32 INFO  o.s.d.r.c.RepositoryConfigurationDelegate - Finished Spring Data repository scanning in 47 ms. Found 8 JPA repository interfaces.
09 февр. 2024 - 19:05:32 INFO  o.s.b.w.e.tomcat.TomcatWebServer - Tomcat initialized with port 8080 (http)
09 февр. 2024 - 19:05:32 INFO  o.a.catalina.core.StandardService - Starting service [Tomcat]
09 февр. 2024 - 19:05:32 INFO  o.a.catalina.core.StandardEngine - Starting Servlet engine: [Apache Tomcat/10.1.18]
09 февр. 2024 - 19:05:33 INFO  o.a.c.c.C.[Tomcat].[localhost].[/] - Initializing Spring embedded WebApplicationContext
09 февр. 2024 - 19:05:33 INFO  o.s.b.w.s.c.ServletWebServerApplicationContext - Root WebApplicationContext: initialization completed in 1496 ms
09 февр. 2024 - 19:05:33 INFO  o.h.jpa.internal.util.LogHelper - HHH000204: Processing PersistenceUnitInfo [name: default]
09 февр. 2024 - 19:05:33 INFO  org.hibernate.Version - HHH000412: Hibernate ORM core version 6.4.1.Final
09 февр. 2024 - 19:05:33 INFO  o.h.c.i.RegionFactoryInitiator - HHH000026: Second-level cache disabled
09 февр. 2024 - 19:05:33 INFO  o.s.o.j.p.SpringPersistenceUnitInfo - No LoadTimeWeaver setup: ignoring JPA class transformer
09 февр. 2024 - 19:05:33 INFO  com.zaxxer.hikari.HikariDataSource - HikariPool-1 - Starting...
09 февр. 2024 - 19:05:33 INFO  com.zaxxer.hikari.pool.HikariPool - HikariPool-1 - Added connection org.postgresql.jdbc.PgConnection@3ff8a3ad
09 февр. 2024 - 19:05:33 INFO  com.zaxxer.hikari.HikariDataSource - HikariPool-1 - Start completed.
09 февр. 2024 - 19:05:34 INFO  o.h.e.t.j.p.i.JtaPlatformInitiator - HHH000489: No JTA platform available (set 'hibernate.transaction.jta.platform' to enable JTA platform integration)
09 февр. 2024 - 19:05:34 INFO  o.s.o.j.LocalContainerEntityManagerFactoryBean - Initialized JPA EntityManagerFactory for persistence unit 'default'
09 февр. 2024 - 19:05:34 INFO  o.s.d.j.r.query.QueryEnhancerFactory - Hibernate is in classpath; If applicable, HQL parser will be used.
09 февр. 2024 - 19:05:35 WARN  o.s.b.a.o.j.JpaBaseConfiguration$JpaWebConfiguration - spring.jpa.open-in-view is enabled by default. Therefore, database queries may be performed during view rendering. Explicitly configure spring.jpa.open-in-view to disable this warning
09 февр. 2024 - 19:05:35 WARN  o.s.b.a.s.s.UserDetailsServiceAutoConfiguration - 

Using generated security password: 74de0fef-0b80-49b9-b892-f8cc0bf5114e

This generated password is for development use only. Your security configuration must be updated before running your application in production.

09 февр. 2024 - 19:05:35 INFO  o.s.s.web.DefaultSecurityFilterChain - Will secure any request with [org.springframework.security.web.session.DisableEncodeUrlFilter@f54cdc4, org.springframework.security.web.context.request.async.WebAsyncManagerIntegrationFilter@7241872c, org.springframework.security.web.context.SecurityContextHolderFilter@515d6c9f, org.springframework.security.web.header.HeaderWriterFilter@43cc7bb7, org.springframework.web.filter.CorsFilter@3094111c, org.springframework.security.web.csrf.CsrfFilter@b632594, org.springframework.security.web.authentication.logout.LogoutFilter@79a1f55c, org.springframework.security.web.authentication.UsernamePasswordAuthenticationFilter@563f53d8, org.springframework.security.web.authentication.ui.DefaultLoginPageGeneratingFilter@2b24fcba, org.springframework.security.web.authentication.ui.DefaultLogoutPageGeneratingFilter@776e4088, org.springframework.security.web.authentication.www.BasicAuthenticationFilter@3a837f7, org.springframework.security.web.savedrequest.RequestCacheAwareFilter@1f9e42d2, org.springframework.security.web.servletapi.SecurityContextHolderAwareRequestFilter@4f1fb8fc, org.springframework.security.web.authentication.AnonymousAuthenticationFilter@5e7d994c, org.springframework.security.web.access.ExceptionTranslationFilter@63f79099, org.springframework.security.web.access.intercept.AuthorizationFilter@91e76b6]
09 февр. 2024 - 19:05:35 INFO  o.s.b.w.e.tomcat.TomcatWebServer - Tomcat started on port 8080 (http) with context path ''
09 февр. 2024 - 19:05:35 INFO  org.example.kunuz.KunUzApplication - Started KunUzApplication in 4.796 seconds (process running for 5.499)
09 февр. 2024 - 19:06:39 INFO  o.a.c.c.C.[Tomcat].[localhost].[/] - Initializing Spring DispatcherServlet 'dispatcherServlet'
09 февр. 2024 - 19:06:39 INFO  o.s.web.servlet.DispatcherServlet - Initializing Servlet 'dispatcherServlet'
09 февр. 2024 - 19:06:39 INFO  o.s.web.servlet.DispatcherServlet - Completed initialization in 0 ms
09 февр. 2024 - 19:07:26 INFO  o.s.o.j.LocalContainerEntityManagerFactoryBean - Closing JPA EntityManagerFactory for persistence unit 'default'
09 февр. 2024 - 19:07:26 INFO  com.zaxxer.hikari.HikariDataSource - HikariPool-1 - Shutdown initiated...
09 февр. 2024 - 19:07:26 INFO  com.zaxxer.hikari.HikariDataSource - HikariPool-1 - Shutdown completed.
09 февр. 2024 - 19:26:59 INFO  org.example.kunuz.KunUzApplication - Starting KunUzApplication using Java 17.0.5 with PID 99180 (C:\Ixtiyorxon\Projects\KunUz\KunUz\target\classes started by msigaming in C:\Ixtiyorxon\Projects\KunUz\KunUz)
09 февр. 2024 - 19:26:59 INFO  org.example.kunuz.KunUzApplication - The following 1 profile is active: "local"
09 февр. 2024 - 19:27:00 INFO  o.s.d.r.c.RepositoryConfigurationDelegate - Bootstrapping Spring Data JPA repositories in DEFAULT mode.
09 февр. 2024 - 19:27:00 INFO  o.s.d.r.c.RepositoryConfigurationDelegate - Finished Spring Data repository scanning in 51 ms. Found 8 JPA repository interfaces.
09 февр. 2024 - 19:27:00 INFO  o.s.b.w.e.tomcat.TomcatWebServer - Tomcat initialized with port 8080 (http)
09 февр. 2024 - 19:27:00 INFO  o.a.catalina.core.StandardService - Starting service [Tomcat]
09 февр. 2024 - 19:27:00 INFO  o.a.catalina.core.StandardEngine - Starting Servlet engine: [Apache Tomcat/10.1.18]
09 февр. 2024 - 19:27:00 INFO  o.a.c.c.C.[Tomcat].[localhost].[/] - Initializing Spring embedded WebApplicationContext
09 февр. 2024 - 19:27:00 INFO  o.s.b.w.s.c.ServletWebServerApplicationContext - Root WebApplicationContext: initialization completed in 1220 ms
09 февр. 2024 - 19:27:01 INFO  o.h.jpa.internal.util.LogHelper - HHH000204: Processing PersistenceUnitInfo [name: default]
09 февр. 2024 - 19:27:01 INFO  org.hibernate.Version - HHH000412: Hibernate ORM core version 6.4.1.Final
09 февр. 2024 - 19:27:01 INFO  o.h.c.i.RegionFactoryInitiator - HHH000026: Second-level cache disabled
09 февр. 2024 - 19:27:01 INFO  o.s.o.j.p.SpringPersistenceUnitInfo - No LoadTimeWeaver setup: ignoring JPA class transformer
09 февр. 2024 - 19:27:01 INFO  com.zaxxer.hikari.HikariDataSource - HikariPool-1 - Starting...
09 февр. 2024 - 19:27:01 INFO  com.zaxxer.hikari.pool.HikariPool - HikariPool-1 - Added connection org.postgresql.jdbc.PgConnection@4bf8b77
09 февр. 2024 - 19:27:01 INFO  com.zaxxer.hikari.HikariDataSource - HikariPool-1 - Start completed.
09 февр. 2024 - 19:27:02 INFO  o.h.e.t.j.p.i.JtaPlatformInitiator - HHH000489: No JTA platform available (set 'hibernate.transaction.jta.platform' to enable JTA platform integration)
09 февр. 2024 - 19:27:02 INFO  o.s.o.j.LocalContainerEntityManagerFactoryBean - Initialized JPA EntityManagerFactory for persistence unit 'default'
09 февр. 2024 - 19:27:02 INFO  o.s.d.j.r.query.QueryEnhancerFactory - Hibernate is in classpath; If applicable, HQL parser will be used.
09 февр. 2024 - 19:27:03 WARN  o.s.b.a.o.j.JpaBaseConfiguration$JpaWebConfiguration - spring.jpa.open-in-view is enabled by default. Therefore, database queries may be performed during view rendering. Explicitly configure spring.jpa.open-in-view to disable this warning
09 февр. 2024 - 19:27:03 INFO  o.s.s.web.DefaultSecurityFilterChain - Will secure any request with [org.springframework.security.web.session.DisableEncodeUrlFilter@1802badc, org.springframework.security.web.context.request.async.WebAsyncManagerIntegrationFilter@3a089620, org.springframework.security.web.context.SecurityContextHolderFilter@16acf986, org.springframework.security.web.header.HeaderWriterFilter@21b05a8a, org.springframework.web.filter.CorsFilter@2cbb9702, org.springframework.security.web.csrf.CsrfFilter@679cdfc3, org.springframework.security.web.authentication.logout.LogoutFilter@3443732a, org.springframework.security.web.authentication.UsernamePasswordAuthenticationFilter@6f3f2340, org.springframework.security.web.authentication.ui.DefaultLoginPageGeneratingFilter@2d7e6c8c, org.springframework.security.web.authentication.ui.DefaultLogoutPageGeneratingFilter@10fef6da, org.springframework.security.web.savedrequest.RequestCacheAwareFilter@cdf3815, org.springframework.security.web.servletapi.SecurityContextHolderAwareRequestFilter@3c320c8b, org.springframework.security.web.authentication.AnonymousAuthenticationFilter@1da77a43, org.springframework.security.web.access.ExceptionTranslationFilter@13668c8b, org.springframework.security.web.access.intercept.AuthorizationFilter@3cd3cf6b]
09 февр. 2024 - 19:27:03 INFO  o.s.b.w.e.tomcat.TomcatWebServer - Tomcat started on port 8080 (http) with context path ''
09 февр. 2024 - 19:27:03 INFO  org.example.kunuz.KunUzApplication - Started KunUzApplication in 4.684 seconds (process running for 5.355)
09 февр. 2024 - 19:27:36 INFO  o.a.c.c.C.[Tomcat].[localhost].[/] - Initializing Spring DispatcherServlet 'dispatcherServlet'
09 февр. 2024 - 19:27:36 INFO  o.s.web.servlet.DispatcherServlet - Initializing Servlet 'dispatcherServlet'
09 февр. 2024 - 19:27:36 INFO  o.s.web.servlet.DispatcherServlet - Completed initialization in 0 ms
09 февр. 2024 - 19:28:52 INFO  o.s.o.j.LocalContainerEntityManagerFactoryBean - Closing JPA EntityManagerFactory for persistence unit 'default'
09 февр. 2024 - 19:28:52 INFO  com.zaxxer.hikari.HikariDataSource - HikariPool-1 - Shutdown initiated...
09 февр. 2024 - 19:28:52 INFO  com.zaxxer.hikari.HikariDataSource - HikariPool-1 - Shutdown completed.
09 февр. 2024 - 19:28:55 INFO  org.example.kunuz.KunUzApplication - Starting KunUzApplication using Java 17.0.5 with PID 109212 (C:\Ixtiyorxon\Projects\KunUz\KunUz\target\classes started by msigaming in C:\Ixtiyorxon\Projects\KunUz\KunUz)
09 февр. 2024 - 19:28:55 INFO  org.example.kunuz.KunUzApplication - The following 1 profile is active: "local"
09 февр. 2024 - 19:28:56 INFO  o.s.d.r.c.RepositoryConfigurationDelegate - Bootstrapping Spring Data JPA repositories in DEFAULT mode.
09 февр. 2024 - 19:28:56 INFO  o.s.d.r.c.RepositoryConfigurationDelegate - Finished Spring Data repository scanning in 51 ms. Found 8 JPA repository interfaces.
09 февр. 2024 - 19:28:57 INFO  o.s.b.w.e.tomcat.TomcatWebServer - Tomcat initialized with port 8080 (http)
09 февр. 2024 - 19:28:57 INFO  o.a.catalina.core.StandardService - Starting service [Tomcat]
09 февр. 2024 - 19:28:57 INFO  o.a.catalina.core.StandardEngine - Starting Servlet engine: [Apache Tomcat/10.1.18]
09 февр. 2024 - 19:28:57 INFO  o.a.c.c.C.[Tomcat].[localhost].[/] - Initializing Spring embedded WebApplicationContext
09 февр. 2024 - 19:28:57 INFO  o.s.b.w.s.c.ServletWebServerApplicationContext - Root WebApplicationContext: initialization completed in 1240 ms
09 февр. 2024 - 19:28:57 INFO  o.h.jpa.internal.util.LogHelper - HHH000204: Processing PersistenceUnitInfo [name: default]
09 февр. 2024 - 19:28:57 INFO  org.hibernate.Version - HHH000412: Hibernate ORM core version 6.4.1.Final
09 февр. 2024 - 19:28:57 INFO  o.h.c.i.RegionFactoryInitiator - HHH000026: Second-level cache disabled
09 февр. 2024 - 19:28:57 INFO  o.s.o.j.p.SpringPersistenceUnitInfo - No LoadTimeWeaver setup: ignoring JPA class transformer
09 февр. 2024 - 19:28:57 INFO  com.zaxxer.hikari.HikariDataSource - HikariPool-1 - Starting...
09 февр. 2024 - 19:28:57 INFO  com.zaxxer.hikari.pool.HikariPool - HikariPool-1 - Added connection org.postgresql.jdbc.PgConnection@1dca62c2
09 февр. 2024 - 19:28:57 INFO  com.zaxxer.hikari.HikariDataSource - HikariPool-1 - Start completed.
09 февр. 2024 - 19:28:58 INFO  o.h.e.t.j.p.i.JtaPlatformInitiator - HHH000489: No JTA platform available (set 'hibernate.transaction.jta.platform' to enable JTA platform integration)
09 февр. 2024 - 19:28:58 INFO  o.s.o.j.LocalContainerEntityManagerFactoryBean - Initialized JPA EntityManagerFactory for persistence unit 'default'
09 февр. 2024 - 19:28:58 INFO  o.s.d.j.r.query.QueryEnhancerFactory - Hibernate is in classpath; If applicable, HQL parser will be used.
09 февр. 2024 - 19:28:59 WARN  o.s.b.a.o.j.JpaBaseConfiguration$JpaWebConfiguration - spring.jpa.open-in-view is enabled by default. Therefore, database queries may be performed during view rendering. Explicitly configure spring.jpa.open-in-view to disable this warning
09 февр. 2024 - 19:28:59 INFO  o.s.s.web.DefaultSecurityFilterChain - Will secure any request with [org.springframework.security.web.session.DisableEncodeUrlFilter@353aadd7, org.springframework.security.web.context.request.async.WebAsyncManagerIntegrationFilter@39595a8, org.springframework.security.web.context.SecurityContextHolderFilter@78ded8c9, org.springframework.security.web.header.HeaderWriterFilter@597f9d91, org.springframework.web.filter.CorsFilter@26169be3, org.springframework.security.web.csrf.CsrfFilter@222ebd21, org.springframework.security.web.authentication.logout.LogoutFilter@ced7e4a, org.springframework.security.web.authentication.UsernamePasswordAuthenticationFilter@1026a011, org.springframework.security.web.authentication.ui.DefaultLoginPageGeneratingFilter@5de769c8, org.springframework.security.web.authentication.ui.DefaultLogoutPageGeneratingFilter@f573dcb, org.springframework.security.web.savedrequest.RequestCacheAwareFilter@30926583, org.springframework.security.web.servletapi.SecurityContextHolderAwareRequestFilter@55aadbf2, org.springframework.security.web.authentication.AnonymousAuthenticationFilter@6f636de3, org.springframework.security.web.access.ExceptionTranslationFilter@58fe7e22, org.springframework.security.web.access.intercept.AuthorizationFilter@4664fef]
09 февр. 2024 - 19:29:00 INFO  o.s.b.w.e.tomcat.TomcatWebServer - Tomcat started on port 8080 (http) with context path ''
09 февр. 2024 - 19:29:00 INFO  org.example.kunuz.KunUzApplication - Started KunUzApplication in 4.64 seconds (process running for 5.175)
09 февр. 2024 - 19:29:05 INFO  o.a.c.c.C.[Tomcat].[localhost].[/] - Initializing Spring DispatcherServlet 'dispatcherServlet'
09 февр. 2024 - 19:29:05 INFO  o.s.web.servlet.DispatcherServlet - Initializing Servlet 'dispatcherServlet'
09 февр. 2024 - 19:29:05 INFO  o.s.web.servlet.DispatcherServlet - Completed initialization in 0 ms
09 февр. 2024 - 19:33:38 INFO  o.s.o.j.LocalContainerEntityManagerFactoryBean - Closing JPA EntityManagerFactory for persistence unit 'default'
09 февр. 2024 - 19:33:38 INFO  com.zaxxer.hikari.HikariDataSource - HikariPool-1 - Shutdown initiated...
09 февр. 2024 - 19:33:38 INFO  com.zaxxer.hikari.HikariDataSource - HikariPool-1 - Shutdown completed.
09 февр. 2024 - 19:44:10 INFO  org.example.kunuz.KunUzApplication - Starting KunUzApplication using Java 17.0.5 with PID 84264 (C:\Ixtiyorxon\Projects\KunUz\KunUz\target\classes started by msigaming in C:\Ixtiyorxon\Projects\KunUz\KunUz)
09 февр. 2024 - 19:44:10 INFO  org.example.kunuz.KunUzApplication - The following 1 profile is active: "local"
09 февр. 2024 - 19:44:10 INFO  o.s.d.r.c.RepositoryConfigurationDelegate - Bootstrapping Spring Data JPA repositories in DEFAULT mode.
09 февр. 2024 - 19:44:11 INFO  o.s.d.r.c.RepositoryConfigurationDelegate - Finished Spring Data repository scanning in 50 ms. Found 8 JPA repository interfaces.
09 февр. 2024 - 19:44:11 INFO  o.s.b.w.e.tomcat.TomcatWebServer - Tomcat initialized with port 8080 (http)
09 февр. 2024 - 19:44:11 INFO  o.a.catalina.core.StandardService - Starting service [Tomcat]
09 февр. 2024 - 19:44:11 INFO  o.a.catalina.core.StandardEngine - Starting Servlet engine: [Apache Tomcat/10.1.18]
09 февр. 2024 - 19:44:11 INFO  o.a.c.c.C.[Tomcat].[localhost].[/] - Initializing Spring embedded WebApplicationContext
09 февр. 2024 - 19:44:11 INFO  o.s.b.w.s.c.ServletWebServerApplicationContext - Root WebApplicationContext: initialization completed in 1192 ms
09 февр. 2024 - 19:44:11 INFO  o.h.jpa.internal.util.LogHelper - HHH000204: Processing PersistenceUnitInfo [name: default]
09 февр. 2024 - 19:44:11 INFO  org.hibernate.Version - HHH000412: Hibernate ORM core version 6.4.1.Final
09 февр. 2024 - 19:44:11 INFO  o.h.c.i.RegionFactoryInitiator - HHH000026: Second-level cache disabled
09 февр. 2024 - 19:44:11 INFO  o.s.o.j.p.SpringPersistenceUnitInfo - No LoadTimeWeaver setup: ignoring JPA class transformer
09 февр. 2024 - 19:44:11 INFO  com.zaxxer.hikari.HikariDataSource - HikariPool-1 - Starting...
09 февр. 2024 - 19:44:12 INFO  com.zaxxer.hikari.pool.HikariPool - HikariPool-1 - Added connection org.postgresql.jdbc.PgConnection@6210666c
09 февр. 2024 - 19:44:12 INFO  com.zaxxer.hikari.HikariDataSource - HikariPool-1 - Start completed.
09 февр. 2024 - 19:44:12 INFO  o.h.e.t.j.p.i.JtaPlatformInitiator - HHH000489: No JTA platform available (set 'hibernate.transaction.jta.platform' to enable JTA platform integration)
09 февр. 2024 - 19:44:13 INFO  o.s.o.j.LocalContainerEntityManagerFactoryBean - Initialized JPA EntityManagerFactory for persistence unit 'default'
09 февр. 2024 - 19:44:13 INFO  o.s.d.j.r.query.QueryEnhancerFactory - Hibernate is in classpath; If applicable, HQL parser will be used.
09 февр. 2024 - 19:44:14 WARN  o.s.b.a.o.j.JpaBaseConfiguration$JpaWebConfiguration - spring.jpa.open-in-view is enabled by default. Therefore, database queries may be performed during view rendering. Explicitly configure spring.jpa.open-in-view to disable this warning
09 февр. 2024 - 19:44:14 INFO  o.s.s.web.DefaultSecurityFilterChain - Will secure any request with [org.springframework.security.web.session.DisableEncodeUrlFilter@72e4905c, org.springframework.security.web.context.request.async.WebAsyncManagerIntegrationFilter@279b83ea, org.springframework.security.web.context.SecurityContextHolderFilter@40941b54, org.springframework.security.web.header.HeaderWriterFilter@686279e0, org.springframework.web.filter.CorsFilter@7f9083b4, org.springframework.security.web.csrf.CsrfFilter@6abd88fe, org.springframework.security.web.authentication.logout.LogoutFilter@5d41b929, org.springframework.security.web.savedrequest.RequestCacheAwareFilter@1660bba7, org.springframework.security.web.servletapi.SecurityContextHolderAwareRequestFilter@29cd48bd, org.springframework.security.web.authentication.AnonymousAuthenticationFilter@40f40221, org.springframework.security.web.access.ExceptionTranslationFilter@1ef6977b, org.springframework.security.web.access.intercept.AuthorizationFilter@3c6c87fa]
09 февр. 2024 - 19:44:14 INFO  o.s.b.w.e.tomcat.TomcatWebServer - Tomcat started on port 8080 (http) with context path ''
09 февр. 2024 - 19:44:14 INFO  org.example.kunuz.KunUzApplication - Started KunUzApplication in 4.647 seconds (process running for 5.315)
09 февр. 2024 - 19:44:14 INFO  o.a.c.c.C.[Tomcat].[localhost].[/] - Initializing Spring DispatcherServlet 'dispatcherServlet'
09 февр. 2024 - 19:44:14 INFO  o.s.web.servlet.DispatcherServlet - Initializing Servlet 'dispatcherServlet'
09 февр. 2024 - 19:44:14 INFO  o.s.web.servlet.DispatcherServlet - Completed initialization in 0 ms
09 февр. 2024 - 19:50:28 INFO  o.s.o.j.LocalContainerEntityManagerFactoryBean - Closing JPA EntityManagerFactory for persistence unit 'default'
09 февр. 2024 - 19:50:28 INFO  com.zaxxer.hikari.HikariDataSource - HikariPool-1 - Shutdown initiated...
09 февр. 2024 - 19:50:28 INFO  com.zaxxer.hikari.HikariDataSource - HikariPool-1 - Shutdown completed.
09 февр. 2024 - 19:50:32 INFO  org.example.kunuz.KunUzApplication - Starting KunUzApplication using Java 17.0.5 with PID 96872 (C:\Ixtiyorxon\Projects\KunUz\KunUz\target\classes started by msigaming in C:\Ixtiyorxon\Projects\KunUz\KunUz)
09 февр. 2024 - 19:50:32 INFO  org.example.kunuz.KunUzApplication - The following 1 profile is active: "local"
09 февр. 2024 - 19:50:32 INFO  o.s.d.r.c.RepositoryConfigurationDelegate - Bootstrapping Spring Data JPA repositories in DEFAULT mode.
09 февр. 2024 - 19:50:32 INFO  o.s.d.r.c.RepositoryConfigurationDelegate - Finished Spring Data repository scanning in 50 ms. Found 8 JPA repository interfaces.
09 февр. 2024 - 19:50:33 INFO  o.s.b.w.e.tomcat.TomcatWebServer - Tomcat initialized with port 8080 (http)
09 февр. 2024 - 19:50:33 INFO  o.a.catalina.core.StandardService - Starting service [Tomcat]
09 февр. 2024 - 19:50:33 INFO  o.a.catalina.core.StandardEngine - Starting Servlet engine: [Apache Tomcat/10.1.18]
09 февр. 2024 - 19:50:33 INFO  o.a.c.c.C.[Tomcat].[localhost].[/] - Initializing Spring embedded WebApplicationContext
09 февр. 2024 - 19:50:33 INFO  o.s.b.w.s.c.ServletWebServerApplicationContext - Root WebApplicationContext: initialization completed in 1187 ms
09 февр. 2024 - 19:50:33 INFO  o.h.jpa.internal.util.LogHelper - HHH000204: Processing PersistenceUnitInfo [name: default]
09 февр. 2024 - 19:50:33 INFO  org.hibernate.Version - HHH000412: Hibernate ORM core version 6.4.1.Final
09 февр. 2024 - 19:50:33 INFO  o.h.c.i.RegionFactoryInitiator - HHH000026: Second-level cache disabled
09 февр. 2024 - 19:50:33 INFO  o.s.o.j.p.SpringPersistenceUnitInfo - No LoadTimeWeaver setup: ignoring JPA class transformer
09 февр. 2024 - 19:50:33 INFO  com.zaxxer.hikari.HikariDataSource - HikariPool-1 - Starting...
09 февр. 2024 - 19:50:33 INFO  com.zaxxer.hikari.pool.HikariPool - HikariPool-1 - Added connection org.postgresql.jdbc.PgConnection@6c830ebd
09 февр. 2024 - 19:50:33 INFO  com.zaxxer.hikari.HikariDataSource - HikariPool-1 - Start completed.
09 февр. 2024 - 19:50:34 INFO  o.h.e.t.j.p.i.JtaPlatformInitiator - HHH000489: No JTA platform available (set 'hibernate.transaction.jta.platform' to enable JTA platform integration)
09 февр. 2024 - 19:50:34 INFO  o.s.o.j.LocalContainerEntityManagerFactoryBean - Initialized JPA EntityManagerFactory for persistence unit 'default'
09 февр. 2024 - 19:50:34 INFO  o.s.d.j.r.query.QueryEnhancerFactory - Hibernate is in classpath; If applicable, HQL parser will be used.
09 февр. 2024 - 19:50:35 WARN  o.s.b.a.o.j.JpaBaseConfiguration$JpaWebConfiguration - spring.jpa.open-in-view is enabled by default. Therefore, database queries may be performed during view rendering. Explicitly configure spring.jpa.open-in-view to disable this warning
09 февр. 2024 - 19:50:35 INFO  o.s.s.web.DefaultSecurityFilterChain - Will secure any request with [org.springframework.security.web.session.DisableEncodeUrlFilter@1026a011, org.springframework.security.web.context.request.async.WebAsyncManagerIntegrationFilter@63b95a30, org.springframework.security.web.context.SecurityContextHolderFilter@61d1315b, org.springframework.security.web.header.HeaderWriterFilter@8d40f07, org.springframework.web.filter.CorsFilter@353aadd7, org.springframework.security.web.csrf.CsrfFilter@3fe8d57a, org.springframework.security.web.authentication.logout.LogoutFilter@7f9083b4, org.springframework.security.web.savedrequest.RequestCacheAwareFilter@34989ceb, org.springframework.security.web.servletapi.SecurityContextHolderAwareRequestFilter@61fb3dae, org.springframework.security.web.authentication.AnonymousAuthenticationFilter@39595a8, org.springframework.security.web.access.ExceptionTranslationFilter@7d3a9061, org.springframework.security.web.access.intercept.AuthorizationFilter@54a04eae]
09 февр. 2024 - 19:50:35 INFO  o.s.b.w.e.tomcat.TomcatWebServer - Tomcat started on port 8080 (http) with context path ''
09 февр. 2024 - 19:50:35 INFO  org.example.kunuz.KunUzApplication - Started KunUzApplication in 4.255 seconds (process running for 4.808)
09 февр. 2024 - 19:50:55 INFO  o.a.c.c.C.[Tomcat].[localhost].[/] - Initializing Spring DispatcherServlet 'dispatcherServlet'
09 февр. 2024 - 19:50:55 INFO  o.s.web.servlet.DispatcherServlet - Initializing Servlet 'dispatcherServlet'
09 февр. 2024 - 19:50:55 INFO  o.s.web.servlet.DispatcherServlet - Completed initialization in 0 ms
09 февр. 2024 - 20:07:16 INFO  o.s.o.j.LocalContainerEntityManagerFactoryBean - Closing JPA EntityManagerFactory for persistence unit 'default'
09 февр. 2024 - 20:07:16 INFO  com.zaxxer.hikari.HikariDataSource - HikariPool-1 - Shutdown initiated...
09 февр. 2024 - 20:07:16 INFO  com.zaxxer.hikari.HikariDataSource - HikariPool-1 - Shutdown completed.
09 февр. 2024 - 20:07:21 INFO  org.example.kunuz.KunUzApplication - Starting KunUzApplication using Java 17.0.5 with PID 69768 (C:\Ixtiyorxon\Projects\KunUz\KunUz\target\classes started by msigaming in C:\Ixtiyorxon\Projects\KunUz\KunUz)
09 февр. 2024 - 20:07:21 INFO  org.example.kunuz.KunUzApplication - The following 1 profile is active: "local"
09 февр. 2024 - 20:07:21 INFO  o.s.d.r.c.RepositoryConfigurationDelegate - Bootstrapping Spring Data JPA repositories in DEFAULT mode.
09 февр. 2024 - 20:07:21 INFO  o.s.d.r.c.RepositoryConfigurationDelegate - Finished Spring Data repository scanning in 48 ms. Found 8 JPA repository interfaces.
09 февр. 2024 - 20:07:22 INFO  o.s.b.w.e.tomcat.TomcatWebServer - Tomcat initialized with port 8080 (http)
09 февр. 2024 - 20:07:22 INFO  o.a.catalina.core.StandardService - Starting service [Tomcat]
09 февр. 2024 - 20:07:22 INFO  o.a.catalina.core.StandardEngine - Starting Servlet engine: [Apache Tomcat/10.1.18]
09 февр. 2024 - 20:07:22 INFO  o.a.c.c.C.[Tomcat].[localhost].[/] - Initializing Spring embedded WebApplicationContext
09 февр. 2024 - 20:07:22 INFO  o.s.b.w.s.c.ServletWebServerApplicationContext - Root WebApplicationContext: initialization completed in 1110 ms
09 февр. 2024 - 20:07:22 INFO  o.h.jpa.internal.util.LogHelper - HHH000204: Processing PersistenceUnitInfo [name: default]
09 февр. 2024 - 20:07:22 INFO  org.hibernate.Version - HHH000412: Hibernate ORM core version 6.4.1.Final
09 февр. 2024 - 20:07:22 INFO  o.h.c.i.RegionFactoryInitiator - HHH000026: Second-level cache disabled
09 февр. 2024 - 20:07:22 INFO  o.s.o.j.p.SpringPersistenceUnitInfo - No LoadTimeWeaver setup: ignoring JPA class transformer
09 февр. 2024 - 20:07:22 INFO  com.zaxxer.hikari.HikariDataSource - HikariPool-1 - Starting...
09 февр. 2024 - 20:07:23 INFO  com.zaxxer.hikari.pool.HikariPool - HikariPool-1 - Added connection org.postgresql.jdbc.PgConnection@1dca62c2
09 февр. 2024 - 20:07:23 INFO  com.zaxxer.hikari.HikariDataSource - HikariPool-1 - Start completed.
09 февр. 2024 - 20:07:23 INFO  o.h.e.t.j.p.i.JtaPlatformInitiator - HHH000489: No JTA platform available (set 'hibernate.transaction.jta.platform' to enable JTA platform integration)
09 февр. 2024 - 20:07:24 INFO  o.s.o.j.LocalContainerEntityManagerFactoryBean - Initialized JPA EntityManagerFactory for persistence unit 'default'
09 февр. 2024 - 20:07:24 INFO  o.s.d.j.r.query.QueryEnhancerFactory - Hibernate is in classpath; If applicable, HQL parser will be used.
09 февр. 2024 - 20:07:24 WARN  o.s.b.a.o.j.JpaBaseConfiguration$JpaWebConfiguration - spring.jpa.open-in-view is enabled by default. Therefore, database queries may be performed during view rendering. Explicitly configure spring.jpa.open-in-view to disable this warning
09 февр. 2024 - 20:07:24 INFO  o.s.s.web.DefaultSecurityFilterChain - Will secure any request with [org.springframework.security.web.session.DisableEncodeUrlFilter@12f85dc8, org.springframework.security.web.context.request.async.WebAsyncManagerIntegrationFilter@474a63d9, org.springframework.security.web.context.SecurityContextHolderFilter@7d3a9061, org.springframework.security.web.header.HeaderWriterFilter@27aa700, org.springframework.web.filter.CorsFilter@1b8d0c21, org.springframework.security.web.csrf.CsrfFilter@4867e76b, org.springframework.security.web.authentication.logout.LogoutFilter@53d0cf4d, org.springframework.security.web.savedrequest.RequestCacheAwareFilter@8d40f07, org.springframework.security.web.servletapi.SecurityContextHolderAwareRequestFilter@196c8b93, org.springframework.security.web.authentication.AnonymousAuthenticationFilter@54a04eae, org.springframework.security.web.access.ExceptionTranslationFilter@60a3a0fa, org.springframework.security.web.access.intercept.AuthorizationFilter@383c94ed]
09 февр. 2024 - 20:07:25 INFO  o.s.b.w.e.tomcat.TomcatWebServer - Tomcat started on port 8080 (http) with context path ''
09 февр. 2024 - 20:07:25 INFO  org.example.kunuz.KunUzApplication - Started KunUzApplication in 4.38 seconds (process running for 5.054)
09 февр. 2024 - 20:07:40 INFO  o.a.c.c.C.[Tomcat].[localhost].[/] - Initializing Spring DispatcherServlet 'dispatcherServlet'
09 февр. 2024 - 20:07:40 INFO  o.s.web.servlet.DispatcherServlet - Initializing Servlet 'dispatcherServlet'
09 февр. 2024 - 20:07:40 INFO  o.s.web.servlet.DispatcherServlet - Completed initialization in 0 ms
09 февр. 2024 - 20:08:31 INFO  o.s.o.j.LocalContainerEntityManagerFactoryBean - Closing JPA EntityManagerFactory for persistence unit 'default'
09 февр. 2024 - 20:08:31 INFO  com.zaxxer.hikari.HikariDataSource - HikariPool-1 - Shutdown initiated...
09 февр. 2024 - 20:08:31 INFO  com.zaxxer.hikari.HikariDataSource - HikariPool-1 - Shutdown completed.
09 февр. 2024 - 20:17:30 INFO  org.example.kunuz.KunUzApplication - Starting KunUzApplication using Java 17.0.5 with PID 107404 (C:\Ixtiyorxon\Projects\KunUz\KunUz\target\classes started by msigaming in C:\Ixtiyorxon\Projects\KunUz\KunUz)
09 февр. 2024 - 20:17:30 INFO  org.example.kunuz.KunUzApplication - The following 1 profile is active: "local"
09 февр. 2024 - 20:17:30 INFO  o.s.d.r.c.RepositoryConfigurationDelegate - Bootstrapping Spring Data JPA repositories in DEFAULT mode.
09 февр. 2024 - 20:17:30 INFO  o.s.d.r.c.RepositoryConfigurationDelegate - Finished Spring Data repository scanning in 48 ms. Found 8 JPA repository interfaces.
09 февр. 2024 - 20:17:31 INFO  o.s.b.w.e.tomcat.TomcatWebServer - Tomcat initialized with port 8080 (http)
09 февр. 2024 - 20:17:31 INFO  o.a.catalina.core.StandardService - Starting service [Tomcat]
09 февр. 2024 - 20:17:31 INFO  o.a.catalina.core.StandardEngine - Starting Servlet engine: [Apache Tomcat/10.1.18]
09 февр. 2024 - 20:17:31 INFO  o.a.c.c.C.[Tomcat].[localhost].[/] - Initializing Spring embedded WebApplicationContext
09 февр. 2024 - 20:17:31 INFO  o.s.b.w.s.c.ServletWebServerApplicationContext - Root WebApplicationContext: initialization completed in 1323 ms
09 февр. 2024 - 20:17:31 INFO  o.h.jpa.internal.util.LogHelper - HHH000204: Processing PersistenceUnitInfo [name: default]
09 февр. 2024 - 20:17:31 INFO  org.hibernate.Version - HHH000412: Hibernate ORM core version 6.4.1.Final
09 февр. 2024 - 20:17:31 INFO  o.h.c.i.RegionFactoryInitiator - HHH000026: Second-level cache disabled
09 февр. 2024 - 20:17:31 INFO  o.s.o.j.p.SpringPersistenceUnitInfo - No LoadTimeWeaver setup: ignoring JPA class transformer
09 февр. 2024 - 20:17:31 INFO  com.zaxxer.hikari.HikariDataSource - HikariPool-1 - Starting...
09 февр. 2024 - 20:17:32 INFO  com.zaxxer.hikari.pool.HikariPool - HikariPool-1 - Added connection org.postgresql.jdbc.PgConnection@15f519f7
09 февр. 2024 - 20:17:32 INFO  com.zaxxer.hikari.HikariDataSource - HikariPool-1 - Start completed.
09 февр. 2024 - 20:17:32 INFO  o.h.e.t.j.p.i.JtaPlatformInitiator - HHH000489: No JTA platform available (set 'hibernate.transaction.jta.platform' to enable JTA platform integration)
09 февр. 2024 - 20:17:33 INFO  o.s.o.j.LocalContainerEntityManagerFactoryBean - Initialized JPA EntityManagerFactory for persistence unit 'default'
09 февр. 2024 - 20:17:33 INFO  o.s.d.j.r.query.QueryEnhancerFactory - Hibernate is in classpath; If applicable, HQL parser will be used.
09 февр. 2024 - 20:17:33 WARN  o.s.b.a.o.j.JpaBaseConfiguration$JpaWebConfiguration - spring.jpa.open-in-view is enabled by default. Therefore, database queries may be performed during view rendering. Explicitly configure spring.jpa.open-in-view to disable this warning
09 февр. 2024 - 20:17:33 INFO  o.s.s.web.DefaultSecurityFilterChain - Will secure any request with [org.springframework.security.web.session.DisableEncodeUrlFilter@6d3b59e2, org.springframework.security.web.context.request.async.WebAsyncManagerIntegrationFilter@164dfad2, org.springframework.security.web.context.SecurityContextHolderFilter@34d776eb, org.springframework.security.web.header.HeaderWriterFilter@49e3b86b, org.springframework.security.web.authentication.logout.LogoutFilter@2459715c, org.springframework.security.web.savedrequest.RequestCacheAwareFilter@17734113, org.springframework.security.web.servletapi.SecurityContextHolderAwareRequestFilter@27aa700, org.springframework.security.web.authentication.AnonymousAuthenticationFilter@76480730, org.springframework.security.web.access.ExceptionTranslationFilter@1660bba7, org.springframework.security.web.access.intercept.AuthorizationFilter@40f40221]
09 февр. 2024 - 20:17:34 INFO  o.s.b.w.e.tomcat.TomcatWebServer - Tomcat started on port 8080 (http) with context path ''
09 февр. 2024 - 20:17:34 INFO  org.example.kunuz.KunUzApplication - Started KunUzApplication in 4.351 seconds (process running for 4.876)
09 февр. 2024 - 20:17:36 INFO  o.a.c.c.C.[Tomcat].[localhost].[/] - Initializing Spring DispatcherServlet 'dispatcherServlet'
09 февр. 2024 - 20:17:36 INFO  o.s.web.servlet.DispatcherServlet - Initializing Servlet 'dispatcherServlet'
09 февр. 2024 - 20:17:36 INFO  o.s.web.servlet.DispatcherServlet - Completed initialization in 1 ms
09 февр. 2024 - 20:35:08 WARN  com.zaxxer.hikari.pool.HikariPool - HikariPool-1 - Thread starvation or clock leap detected (housekeeper delta=6m5s752ms627µs700ns).
09 февр. 2024 - 20:48:32 INFO  o.s.o.j.LocalContainerEntityManagerFactoryBean - Closing JPA EntityManagerFactory for persistence unit 'default'
09 февр. 2024 - 20:48:32 INFO  com.zaxxer.hikari.HikariDataSource - HikariPool-1 - Shutdown initiated...
09 февр. 2024 - 20:48:32 INFO  com.zaxxer.hikari.HikariDataSource - HikariPool-1 - Shutdown completed.
09 февр. 2024 - 20:48:39 INFO  org.example.kunuz.KunUzApplication - Starting KunUzApplication using Java 17.0.5 with PID 53812 (C:\Ixtiyorxon\Projects\KunUz\KunUz\target\classes started by msigaming in C:\Ixtiyorxon\Projects\KunUz\KunUz)
09 февр. 2024 - 20:48:39 INFO  org.example.kunuz.KunUzApplication - The following 1 profile is active: "local"
09 февр. 2024 - 20:48:40 INFO  o.s.d.r.c.RepositoryConfigurationDelegate - Bootstrapping Spring Data JPA repositories in DEFAULT mode.
09 февр. 2024 - 20:48:40 INFO  o.s.d.r.c.RepositoryConfigurationDelegate - Finished Spring Data repository scanning in 70 ms. Found 8 JPA repository interfaces.
09 февр. 2024 - 20:48:40 INFO  o.s.b.w.e.tomcat.TomcatWebServer - Tomcat initialized with port 8080 (http)
09 февр. 2024 - 20:48:40 INFO  o.a.catalina.core.StandardService - Starting service [Tomcat]
09 февр. 2024 - 20:48:40 INFO  o.a.catalina.core.StandardEngine - Starting Servlet engine: [Apache Tomcat/10.1.18]
09 февр. 2024 - 20:48:40 INFO  o.a.c.c.C.[Tomcat].[localhost].[/] - Initializing Spring embedded WebApplicationContext
09 февр. 2024 - 20:48:40 INFO  o.s.b.w.s.c.ServletWebServerApplicationContext - Root WebApplicationContext: initialization completed in 1615 ms
09 февр. 2024 - 20:48:41 INFO  o.h.jpa.internal.util.LogHelper - HHH000204: Processing PersistenceUnitInfo [name: default]
09 февр. 2024 - 20:48:41 INFO  org.hibernate.Version - HHH000412: Hibernate ORM core version 6.4.1.Final
09 февр. 2024 - 20:48:41 INFO  o.h.c.i.RegionFactoryInitiator - HHH000026: Second-level cache disabled
09 февр. 2024 - 20:48:41 INFO  o.s.o.j.p.SpringPersistenceUnitInfo - No LoadTimeWeaver setup: ignoring JPA class transformer
09 февр. 2024 - 20:48:41 INFO  com.zaxxer.hikari.HikariDataSource - HikariPool-1 - Starting...
09 февр. 2024 - 20:48:41 INFO  com.zaxxer.hikari.pool.HikariPool - HikariPool-1 - Added connection org.postgresql.jdbc.PgConnection@2c2a7d53
09 февр. 2024 - 20:48:41 INFO  com.zaxxer.hikari.HikariDataSource - HikariPool-1 - Start completed.
09 февр. 2024 - 20:48:43 INFO  o.h.e.t.j.p.i.JtaPlatformInitiator - HHH000489: No JTA platform available (set 'hibernate.transaction.jta.platform' to enable JTA platform integration)
09 февр. 2024 - 20:48:43 INFO  o.s.o.j.LocalContainerEntityManagerFactoryBean - Initialized JPA EntityManagerFactory for persistence unit 'default'
09 февр. 2024 - 20:48:43 INFO  o.s.d.j.r.query.QueryEnhancerFactory - Hibernate is in classpath; If applicable, HQL parser will be used.
09 февр. 2024 - 20:48:44 WARN  o.s.b.a.o.j.JpaBaseConfiguration$JpaWebConfiguration - spring.jpa.open-in-view is enabled by default. Therefore, database queries may be performed during view rendering. Explicitly configure spring.jpa.open-in-view to disable this warning
09 февр. 2024 - 20:48:44 INFO  o.s.s.web.DefaultSecurityFilterChain - Will secure any request with [org.springframework.security.web.session.DisableEncodeUrlFilter@26169be3, org.springframework.security.web.context.request.async.WebAsyncManagerIntegrationFilter@f573dcb, org.springframework.security.web.context.SecurityContextHolderFilter@d15f98a, org.springframework.security.web.header.HeaderWriterFilter@60a3a0fa, org.springframework.security.web.authentication.logout.LogoutFilter@53d0cf4d, org.springframework.security.web.authentication.www.BasicAuthenticationFilter@353aadd7, org.springframework.security.web.savedrequest.RequestCacheAwareFilter@7d3a9061, org.springframework.security.web.servletapi.SecurityContextHolderAwareRequestFilter@2a2f7a61, org.springframework.security.web.authentication.AnonymousAuthenticationFilter@6f636de3, org.springframework.security.web.access.ExceptionTranslationFilter@771c4015, org.springframework.security.web.access.intercept.AuthorizationFilter@164dfad2]
09 февр. 2024 - 20:48:44 INFO  o.s.b.w.e.tomcat.TomcatWebServer - Tomcat started on port 8080 (http) with context path ''
09 февр. 2024 - 20:48:44 INFO  org.example.kunuz.KunUzApplication - Started KunUzApplication in 5.979 seconds (process running for 6.973)
09 февр. 2024 - 20:56:35 INFO  o.s.o.j.LocalContainerEntityManagerFactoryBean - Closing JPA EntityManagerFactory for persistence unit 'default'
09 февр. 2024 - 20:56:35 INFO  com.zaxxer.hikari.HikariDataSource - HikariPool-1 - Shutdown initiated...
09 февр. 2024 - 20:56:35 INFO  com.zaxxer.hikari.HikariDataSource - HikariPool-1 - Shutdown completed.
09 февр. 2024 - 20:56:42 INFO  org.example.kunuz.KunUzApplication - Starting KunUzApplication using Java 17.0.5 with PID 68808 (C:\Ixtiyorxon\Projects\KunUz\KunUz\target\classes started by msigaming in C:\Ixtiyorxon\Projects\KunUz\KunUz)
09 февр. 2024 - 20:56:42 INFO  org.example.kunuz.KunUzApplication - The following 1 profile is active: "local"
09 февр. 2024 - 20:56:43 INFO  o.s.d.r.c.RepositoryConfigurationDelegate - Bootstrapping Spring Data JPA repositories in DEFAULT mode.
09 февр. 2024 - 20:56:43 INFO  o.s.d.r.c.RepositoryConfigurationDelegate - Finished Spring Data repository scanning in 71 ms. Found 8 JPA repository interfaces.
09 февр. 2024 - 20:56:43 INFO  o.s.b.w.e.tomcat.TomcatWebServer - Tomcat initialized with port 8080 (http)
09 февр. 2024 - 20:56:43 INFO  o.a.catalina.core.StandardService - Starting service [Tomcat]
09 февр. 2024 - 20:56:43 INFO  o.a.catalina.core.StandardEngine - Starting Servlet engine: [Apache Tomcat/10.1.18]
09 февр. 2024 - 20:56:44 INFO  o.a.c.c.C.[Tomcat].[localhost].[/] - Initializing Spring embedded WebApplicationContext
09 февр. 2024 - 20:56:44 INFO  o.s.b.w.s.c.ServletWebServerApplicationContext - Root WebApplicationContext: initialization completed in 1885 ms
09 февр. 2024 - 20:56:44 INFO  o.h.jpa.internal.util.LogHelper - HHH000204: Processing PersistenceUnitInfo [name: default]
09 февр. 2024 - 20:56:44 INFO  org.hibernate.Version - HHH000412: Hibernate ORM core version 6.4.1.Final
09 февр. 2024 - 20:56:44 INFO  o.h.c.i.RegionFactoryInitiator - HHH000026: Second-level cache disabled
09 февр. 2024 - 20:56:44 INFO  o.s.o.j.p.SpringPersistenceUnitInfo - No LoadTimeWeaver setup: ignoring JPA class transformer
09 февр. 2024 - 20:56:44 INFO  com.zaxxer.hikari.HikariDataSource - HikariPool-1 - Starting...
09 февр. 2024 - 20:56:44 INFO  com.zaxxer.hikari.pool.HikariPool - HikariPool-1 - Added connection org.postgresql.jdbc.PgConnection@70cf7d1e
09 февр. 2024 - 20:56:44 INFO  com.zaxxer.hikari.HikariDataSource - HikariPool-1 - Start completed.
09 февр. 2024 - 20:56:46 INFO  o.h.e.t.j.p.i.JtaPlatformInitiator - HHH000489: No JTA platform available (set 'hibernate.transaction.jta.platform' to enable JTA platform integration)
09 февр. 2024 - 20:56:46 INFO  o.s.o.j.LocalContainerEntityManagerFactoryBean - Initialized JPA EntityManagerFactory for persistence unit 'default'
09 февр. 2024 - 20:56:46 INFO  o.s.d.j.r.query.QueryEnhancerFactory - Hibernate is in classpath; If applicable, HQL parser will be used.
09 февр. 2024 - 20:56:47 WARN  o.s.b.a.o.j.JpaBaseConfiguration$JpaWebConfiguration - spring.jpa.open-in-view is enabled by default. Therefore, database queries may be performed during view rendering. Explicitly configure spring.jpa.open-in-view to disable this warning
09 февр. 2024 - 20:56:48 INFO  o.s.s.web.DefaultSecurityFilterChain - Will secure any request with [org.springframework.security.web.session.DisableEncodeUrlFilter@4664fef, org.springframework.security.web.context.request.async.WebAsyncManagerIntegrationFilter@1026a011, org.springframework.security.web.context.SecurityContextHolderFilter@771c4015, org.springframework.security.web.header.HeaderWriterFilter@29cd48bd, org.springframework.security.web.authentication.logout.LogoutFilter@732ffb6a, org.springframework.security.web.authentication.www.BasicAuthenticationFilter@1b8d0c21, org.springframework.security.web.savedrequest.RequestCacheAwareFilter@60a3a0fa, org.springframework.security.web.servletapi.SecurityContextHolderAwareRequestFilter@17734113, org.springframework.security.web.authentication.AnonymousAuthenticationFilter@63b95a30, org.springframework.security.web.access.ExceptionTranslationFilter@3b42d7df, org.springframework.security.web.access.intercept.AuthorizationFilter@279b83ea]
09 февр. 2024 - 20:56:48 INFO  o.s.b.w.e.tomcat.TomcatWebServer - Tomcat started on port 8080 (http) with context path ''
09 февр. 2024 - 20:56:48 INFO  org.example.kunuz.KunUzApplication - Started KunUzApplication in 6.988 seconds (process running for 7.969)
09 февр. 2024 - 20:58:44 INFO  o.a.c.c.C.[Tomcat].[localhost].[/] - Initializing Spring DispatcherServlet 'dispatcherServlet'
09 февр. 2024 - 20:58:44 INFO  o.s.web.servlet.DispatcherServlet - Initializing Servlet 'dispatcherServlet'
09 февр. 2024 - 20:58:44 INFO  o.s.web.servlet.DispatcherServlet - Completed initialization in 2 ms
09 февр. 2024 - 20:59:01 ERROR o.e.k.c.ExceptionHandlerController - jakarta.validation.UnexpectedTypeException: HV000030: No validator could be found for constraint 'jakarta.validation.constraints.NotBlank' validating type 'java.lang.Integer'. Check configuration for 'orderNumber'
09 февр. 2024 - 20:59:37 INFO  o.s.o.j.LocalContainerEntityManagerFactoryBean - Closing JPA EntityManagerFactory for persistence unit 'default'
09 февр. 2024 - 20:59:37 INFO  com.zaxxer.hikari.HikariDataSource - HikariPool-1 - Shutdown initiated...
09 февр. 2024 - 20:59:38 INFO  com.zaxxer.hikari.HikariDataSource - HikariPool-1 - Shutdown completed.
09 февр. 2024 - 20:59:43 INFO  org.example.kunuz.KunUzApplication - Starting KunUzApplication using Java 17.0.5 with PID 55128 (C:\Ixtiyorxon\Projects\KunUz\KunUz\target\classes started by msigaming in C:\Ixtiyorxon\Projects\KunUz\KunUz)
09 февр. 2024 - 20:59:43 INFO  org.example.kunuz.KunUzApplication - The following 1 profile is active: "local"
09 февр. 2024 - 20:59:44 INFO  o.s.d.r.c.RepositoryConfigurationDelegate - Bootstrapping Spring Data JPA repositories in DEFAULT mode.
09 февр. 2024 - 20:59:44 INFO  o.s.d.r.c.RepositoryConfigurationDelegate - Finished Spring Data repository scanning in 62 ms. Found 8 JPA repository interfaces.
09 февр. 2024 - 20:59:45 INFO  o.s.b.w.e.tomcat.TomcatWebServer - Tomcat initialized with port 8080 (http)
09 февр. 2024 - 20:59:45 INFO  o.a.catalina.core.StandardService - Starting service [Tomcat]
09 февр. 2024 - 20:59:45 INFO  o.a.catalina.core.StandardEngine - Starting Servlet engine: [Apache Tomcat/10.1.18]
09 февр. 2024 - 20:59:45 INFO  o.a.c.c.C.[Tomcat].[localhost].[/] - Initializing Spring embedded WebApplicationContext
09 февр. 2024 - 20:59:45 INFO  o.s.b.w.s.c.ServletWebServerApplicationContext - Root WebApplicationContext: initialization completed in 1442 ms
09 февр. 2024 - 20:59:45 INFO  o.h.jpa.internal.util.LogHelper - HHH000204: Processing PersistenceUnitInfo [name: default]
09 февр. 2024 - 20:59:45 INFO  org.hibernate.Version - HHH000412: Hibernate ORM core version 6.4.1.Final
09 февр. 2024 - 20:59:45 INFO  o.h.c.i.RegionFactoryInitiator - HHH000026: Second-level cache disabled
09 февр. 2024 - 20:59:46 INFO  o.s.o.j.p.SpringPersistenceUnitInfo - No LoadTimeWeaver setup: ignoring JPA class transformer
09 февр. 2024 - 20:59:46 INFO  com.zaxxer.hikari.HikariDataSource - HikariPool-1 - Starting...
09 февр. 2024 - 20:59:46 INFO  com.zaxxer.hikari.pool.HikariPool - HikariPool-1 - Added connection org.postgresql.jdbc.PgConnection@4a122e68
09 февр. 2024 - 20:59:46 INFO  com.zaxxer.hikari.HikariDataSource - HikariPool-1 - Start completed.
09 февр. 2024 - 20:59:47 INFO  o.h.e.t.j.p.i.JtaPlatformInitiator - HHH000489: No JTA platform available (set 'hibernate.transaction.jta.platform' to enable JTA platform integration)
09 февр. 2024 - 20:59:47 INFO  o.s.o.j.LocalContainerEntityManagerFactoryBean - Initialized JPA EntityManagerFactory for persistence unit 'default'
09 февр. 2024 - 20:59:47 INFO  o.s.d.j.r.query.QueryEnhancerFactory - Hibernate is in classpath; If applicable, HQL parser will be used.
09 февр. 2024 - 20:59:48 WARN  o.s.b.a.o.j.JpaBaseConfiguration$JpaWebConfiguration - spring.jpa.open-in-view is enabled by default. Therefore, database queries may be performed during view rendering. Explicitly configure spring.jpa.open-in-view to disable this warning
09 февр. 2024 - 20:59:48 INFO  o.s.s.web.DefaultSecurityFilterChain - Will secure any request with [org.springframework.security.web.session.DisableEncodeUrlFilter@353aadd7, org.springframework.security.web.context.request.async.WebAsyncManagerIntegrationFilter@39595a8, org.springframework.security.web.context.SecurityContextHolderFilter@17734113, org.springframework.security.web.header.HeaderWriterFilter@771c4015, org.springframework.security.web.authentication.logout.LogoutFilter@401e36ab, org.springframework.security.web.authentication.www.BasicAuthenticationFilter@1026a011, org.springframework.security.web.savedrequest.RequestCacheAwareFilter@d15f98a, org.springframework.security.web.servletapi.SecurityContextHolderAwareRequestFilter@704c3ca2, org.springframework.security.web.authentication.AnonymousAuthenticationFilter@26169be3, org.springframework.security.web.access.ExceptionTranslationFilter@49e3b86b, org.springframework.security.web.access.intercept.AuthorizationFilter@16441c13]
09 февр. 2024 - 20:59:48 INFO  o.s.b.w.e.tomcat.TomcatWebServer - Tomcat started on port 8080 (http) with context path ''
09 февр. 2024 - 20:59:48 INFO  org.example.kunuz.KunUzApplication - Started KunUzApplication in 5.687 seconds (process running for 6.505)
09 февр. 2024 - 21:00:06 INFO  o.a.c.c.C.[Tomcat].[localhost].[/] - Initializing Spring DispatcherServlet 'dispatcherServlet'
09 февр. 2024 - 21:00:06 INFO  o.s.web.servlet.DispatcherServlet - Initializing Servlet 'dispatcherServlet'
09 февр. 2024 - 21:00:06 INFO  o.s.web.servlet.DispatcherServlet - Completed initialization in 2 ms
09 февр. 2024 - 21:00:07 ERROR o.e.k.c.ExceptionHandlerController - jakarta.validation.UnexpectedTypeException: HV000030: No validator could be found for constraint 'jakarta.validation.constraints.NotBlank' validating type 'java.lang.Integer'. Check configuration for 'orderNumber'
09 февр. 2024 - 21:00:31 ERROR o.e.k.c.ExceptionHandlerController - jakarta.validation.UnexpectedTypeException: HV000030: No validator could be found for constraint 'jakarta.validation.constraints.NotBlank' validating type 'java.lang.Integer'. Check configuration for 'orderNumber'
09 февр. 2024 - 21:01:06 ERROR o.e.k.c.ExceptionHandlerController - jakarta.validation.UnexpectedTypeException: HV000030: No validator could be found for constraint 'jakarta.validation.constraints.NotBlank' validating type 'java.lang.Integer'. Check configuration for 'orderNumber'
09 февр. 2024 - 21:01:07 ERROR o.e.k.c.ExceptionHandlerController - jakarta.validation.UnexpectedTypeException: HV000030: No validator could be found for constraint 'jakarta.validation.constraints.NotBlank' validating type 'java.lang.Integer'. Check configuration for 'orderNumber'
09 февр. 2024 - 21:01:11 ERROR o.e.k.c.ExceptionHandlerController - jakarta.validation.UnexpectedTypeException: HV000030: No validator could be found for constraint 'jakarta.validation.constraints.NotBlank' validating type 'java.lang.Integer'. Check configuration for 'orderNumber'
09 февр. 2024 - 21:02:03 INFO  o.s.o.j.LocalContainerEntityManagerFactoryBean - Closing JPA EntityManagerFactory for persistence unit 'default'
09 февр. 2024 - 21:02:03 INFO  com.zaxxer.hikari.HikariDataSource - HikariPool-1 - Shutdown initiated...
09 февр. 2024 - 21:02:03 INFO  com.zaxxer.hikari.HikariDataSource - HikariPool-1 - Shutdown completed.
09 февр. 2024 - 21:02:09 INFO  org.example.kunuz.KunUzApplication - Starting KunUzApplication using Java 17.0.5 with PID 84024 (C:\Ixtiyorxon\Projects\KunUz\KunUz\target\classes started by msigaming in C:\Ixtiyorxon\Projects\KunUz\KunUz)
09 февр. 2024 - 21:02:09 INFO  org.example.kunuz.KunUzApplication - The following 1 profile is active: "local"
09 февр. 2024 - 21:02:10 INFO  o.s.d.r.c.RepositoryConfigurationDelegate - Bootstrapping Spring Data JPA repositories in DEFAULT mode.
09 февр. 2024 - 21:02:10 INFO  o.s.d.r.c.RepositoryConfigurationDelegate - Finished Spring Data repository scanning in 60 ms. Found 8 JPA repository interfaces.
09 февр. 2024 - 21:02:10 INFO  o.s.b.w.e.tomcat.TomcatWebServer - Tomcat initialized with port 8080 (http)
09 февр. 2024 - 21:02:10 INFO  o.a.catalina.core.StandardService - Starting service [Tomcat]
09 февр. 2024 - 21:02:10 INFO  o.a.catalina.core.StandardEngine - Starting Servlet engine: [Apache Tomcat/10.1.18]
09 февр. 2024 - 21:02:10 INFO  o.a.c.c.C.[Tomcat].[localhost].[/] - Initializing Spring embedded WebApplicationContext
09 февр. 2024 - 21:02:10 INFO  o.s.b.w.s.c.ServletWebServerApplicationContext - Root WebApplicationContext: initialization completed in 1505 ms
09 февр. 2024 - 21:02:10 INFO  o.h.jpa.internal.util.LogHelper - HHH000204: Processing PersistenceUnitInfo [name: default]
09 февр. 2024 - 21:02:11 INFO  org.hibernate.Version - HHH000412: Hibernate ORM core version 6.4.1.Final
09 февр. 2024 - 21:02:11 INFO  o.h.c.i.RegionFactoryInitiator - HHH000026: Second-level cache disabled
09 февр. 2024 - 21:02:11 INFO  o.s.o.j.p.SpringPersistenceUnitInfo - No LoadTimeWeaver setup: ignoring JPA class transformer
09 февр. 2024 - 21:02:11 INFO  com.zaxxer.hikari.HikariDataSource - HikariPool-1 - Starting...
09 февр. 2024 - 21:02:11 INFO  com.zaxxer.hikari.pool.HikariPool - HikariPool-1 - Added connection org.postgresql.jdbc.PgConnection@1de85972
09 февр. 2024 - 21:02:11 INFO  com.zaxxer.hikari.HikariDataSource - HikariPool-1 - Start completed.
09 февр. 2024 - 21:02:12 INFO  o.h.e.t.j.p.i.JtaPlatformInitiator - HHH000489: No JTA platform available (set 'hibernate.transaction.jta.platform' to enable JTA platform integration)
09 февр. 2024 - 21:02:12 INFO  o.s.o.j.LocalContainerEntityManagerFactoryBean - Initialized JPA EntityManagerFactory for persistence unit 'default'
09 февр. 2024 - 21:02:13 INFO  o.s.d.j.r.query.QueryEnhancerFactory - Hibernate is in classpath; If applicable, HQL parser will be used.
09 февр. 2024 - 21:02:13 WARN  o.s.b.a.o.j.JpaBaseConfiguration$JpaWebConfiguration - spring.jpa.open-in-view is enabled by default. Therefore, database queries may be performed during view rendering. Explicitly configure spring.jpa.open-in-view to disable this warning
09 февр. 2024 - 21:02:14 INFO  o.s.s.web.DefaultSecurityFilterChain - Will secure any request with [org.springframework.security.web.session.DisableEncodeUrlFilter@10587ce5, org.springframework.security.web.context.request.async.WebAsyncManagerIntegrationFilter@74a37c91, org.springframework.security.web.context.SecurityContextHolderFilter@307ca947, org.springframework.security.web.header.HeaderWriterFilter@2a2f7a61, org.springframework.security.web.authentication.logout.LogoutFilter@40f40221, org.springframework.security.web.authentication.www.BasicAuthenticationFilter@522fdf0c, org.springframework.security.web.savedrequest.RequestCacheAwareFilter@49d5b651, org.springframework.security.web.servletapi.SecurityContextHolderAwareRequestFilter@34989ceb, org.springframework.security.web.authentication.AnonymousAuthenticationFilter@58581ab6, org.springframework.security.web.access.ExceptionTranslationFilter@704c3ca2, org.springframework.security.web.access.intercept.AuthorizationFilter@293ccbdd]
09 февр. 2024 - 21:02:14 INFO  o.s.b.w.e.tomcat.TomcatWebServer - Tomcat started on port 8080 (http) with context path ''
09 февр. 2024 - 21:02:14 INFO  org.example.kunuz.KunUzApplication - Started KunUzApplication in 5.761 seconds (process running for 6.995)
09 февр. 2024 - 21:02:32 INFO  o.a.c.c.C.[Tomcat].[localhost].[/] - Initializing Spring DispatcherServlet 'dispatcherServlet'
09 февр. 2024 - 21:02:32 INFO  o.s.web.servlet.DispatcherServlet - Initializing Servlet 'dispatcherServlet'
09 февр. 2024 - 21:02:32 INFO  o.s.web.servlet.DispatcherServlet - Completed initialization in 1 ms
09 февр. 2024 - 21:02:33 INFO  o.e.k.controller.RegionController - Region created Qoraqalpoq
09 февр. 2024 - 21:29:11 INFO  o.s.o.j.LocalContainerEntityManagerFactoryBean - Closing JPA EntityManagerFactory for persistence unit 'default'
09 февр. 2024 - 21:29:11 INFO  com.zaxxer.hikari.HikariDataSource - HikariPool-1 - Shutdown initiated...
09 февр. 2024 - 21:29:11 INFO  com.zaxxer.hikari.HikariDataSource - HikariPool-1 - Shutdown completed.
