23 февр. 2024 - 20:21:10 WARN  o.s.b.t.j.DuplicateJsonObjectContextCustomizerFactory$DuplicateJsonObjectContextCustomizer - 

Found multiple occurrences of org.json.JSONObject on the class path:

	jar:file:/C:/Users/msigaming/.m2/repository/com/vaadin/external/google/android-json/0.0.20131108.vaadin1/android-json-0.0.20131108.vaadin1.jar!/org/json/JSONObject.class
	jar:file:/C:/Users/msigaming/.m2/repository/org/json/json/20220924/json-20220924.jar!/org/json/JSONObject.class

You may wish to exclude one of them to ensure predictable runtime behavior

23 февр. 2024 - 20:21:10 INFO  o.e.kunUz.KunUzApplicationTests - Starting KunUzApplicationTests using Java 21.0.2 with PID 11764 (started by msigaming in C:\Ixtiyorxon\Projects\KunUz\KunUz)
23 февр. 2024 - 20:21:10 INFO  o.e.kunUz.KunUzApplicationTests - The following 1 profile is active: "local"
23 февр. 2024 - 20:21:11 INFO  o.s.d.r.c.RepositoryConfigurationDelegate - Bootstrapping Spring Data JPA repositories in DEFAULT mode.
23 февр. 2024 - 20:21:11 INFO  o.s.d.r.c.RepositoryConfigurationDelegate - Finished Spring Data repository scanning in 58 ms. Found 11 JPA repository interfaces.
23 февр. 2024 - 20:21:11 INFO  com.zaxxer.hikari.HikariDataSource - HikariPool-1 - Starting...
23 февр. 2024 - 20:21:12 INFO  com.zaxxer.hikari.pool.HikariPool - HikariPool-1 - Added connection org.postgresql.jdbc.PgConnection@71936a92
23 февр. 2024 - 20:21:12 INFO  com.zaxxer.hikari.HikariDataSource - HikariPool-1 - Start completed.
23 февр. 2024 - 20:21:12 INFO  o.h.jpa.internal.util.LogHelper - HHH000204: Processing PersistenceUnitInfo [name: default]
23 февр. 2024 - 20:21:12 INFO  org.hibernate.Version - HHH000412: Hibernate ORM core version 6.4.1.Final
23 февр. 2024 - 20:21:12 INFO  o.h.c.i.RegionFactoryInitiator - HHH000026: Second-level cache disabled
23 февр. 2024 - 20:21:12 INFO  o.s.o.j.p.SpringPersistenceUnitInfo - No LoadTimeWeaver setup: ignoring JPA class transformer
23 февр. 2024 - 20:21:13 INFO  o.h.e.t.j.p.i.JtaPlatformInitiator - HHH000489: No JTA platform available (set 'hibernate.transaction.jta.platform' to enable JTA platform integration)
23 февр. 2024 - 20:21:14 INFO  o.s.o.j.LocalContainerEntityManagerFactoryBean - Initialized JPA EntityManagerFactory for persistence unit 'default'
23 февр. 2024 - 20:21:14 INFO  o.s.d.j.r.query.QueryEnhancerFactory - Hibernate is in classpath; If applicable, HQL parser will be used.
23 февр. 2024 - 20:21:15 WARN  o.s.b.a.o.j.JpaBaseConfiguration$JpaWebConfiguration - spring.jpa.open-in-view is enabled by default. Therefore, database queries may be performed during view rendering. Explicitly configure spring.jpa.open-in-view to disable this warning
23 февр. 2024 - 20:21:15 INFO  o.s.s.web.DefaultSecurityFilterChain - Will secure any request with [org.springframework.security.web.session.DisableEncodeUrlFilter@427b24c0, org.springframework.security.web.context.request.async.WebAsyncManagerIntegrationFilter@6705b98b, org.springframework.security.web.context.SecurityContextHolderFilter@ef64a8f, org.springframework.security.web.header.HeaderWriterFilter@ad7d724, org.springframework.security.web.authentication.logout.LogoutFilter@3125a827, org.example.kunuz.config.JwtTokenFilter@4842a683, org.springframework.security.web.savedrequest.RequestCacheAwareFilter@62910d16, org.springframework.security.web.servletapi.SecurityContextHolderAwareRequestFilter@3cc3914a, org.springframework.security.web.authentication.AnonymousAuthenticationFilter@7324d83, org.springframework.security.web.access.ExceptionTranslationFilter@22265a8d, org.springframework.security.web.access.intercept.AuthorizationFilter@2ce987d7]
23 февр. 2024 - 20:21:16 INFO  o.e.kunUz.KunUzApplicationTests - Started KunUzApplicationTests in 5.954 seconds (process running for 7.29)
23 февр. 2024 - 20:21:16 INFO  o.f.c.i.license.VersionPrinter - Flyway Community Edition 9.22.3 by Redgate
23 февр. 2024 - 20:21:16 INFO  o.f.c.i.license.VersionPrinter - See release notes here: https://rd.gt/416ObMi
23 февр. 2024 - 20:21:16 INFO  o.f.c.i.license.VersionPrinter - 
23 февр. 2024 - 20:21:16 INFO  org.flywaydb.core.FlywayExecutor - Database: jdbc:postgresql://localhost:5432/kunUz (PostgreSQL 15.3)
23 февр. 2024 - 20:21:16 INFO  o.f.core.internal.command.DbValidate - Successfully validated 5 migrations (execution time 00:00.024s)
23 февр. 2024 - 20:21:16 INFO  o.f.core.internal.command.DbMigrate - Current version of schema "public": 4
23 февр. 2024 - 20:21:16 INFO  o.f.core.internal.command.DbMigrate - Schema "public" is up to date. No migration necessary.
23 февр. 2024 - 20:21:16 INFO  o.s.o.j.LocalContainerEntityManagerFactoryBean - Closing JPA EntityManagerFactory for persistence unit 'default'
23 февр. 2024 - 20:21:16 INFO  com.zaxxer.hikari.HikariDataSource - HikariPool-1 - Shutdown initiated...
23 февр. 2024 - 20:21:16 INFO  com.zaxxer.hikari.HikariDataSource - HikariPool-1 - Shutdown completed.
23 февр. 2024 - 20:50:48 WARN  o.s.b.t.j.DuplicateJsonObjectContextCustomizerFactory$DuplicateJsonObjectContextCustomizer - 

Found multiple occurrences of org.json.JSONObject on the class path:

	jar:file:/C:/Users/msigaming/.m2/repository/com/vaadin/external/google/android-json/0.0.20131108.vaadin1/android-json-0.0.20131108.vaadin1.jar!/org/json/JSONObject.class
	jar:file:/C:/Users/msigaming/.m2/repository/org/json/json/20220924/json-20220924.jar!/org/json/JSONObject.class

You may wish to exclude one of them to ensure predictable runtime behavior

23 февр. 2024 - 20:50:48 INFO  o.e.kunUz.KunUzApplicationTests - Starting KunUzApplicationTests using Java 21.0.2 with PID 11544 (started by msigaming in C:\Ixtiyorxon\Projects\KunUz\KunUz)
23 февр. 2024 - 20:50:48 INFO  o.e.kunUz.KunUzApplicationTests - The following 1 profile is active: "local"
23 февр. 2024 - 20:50:49 INFO  o.s.d.r.c.RepositoryConfigurationDelegate - Bootstrapping Spring Data JPA repositories in DEFAULT mode.
23 февр. 2024 - 20:50:49 INFO  o.s.d.r.c.RepositoryConfigurationDelegate - Finished Spring Data repository scanning in 59 ms. Found 11 JPA repository interfaces.
23 февр. 2024 - 20:50:50 INFO  com.zaxxer.hikari.HikariDataSource - HikariPool-1 - Starting...
23 февр. 2024 - 20:50:50 INFO  com.zaxxer.hikari.pool.HikariPool - HikariPool-1 - Added connection org.postgresql.jdbc.PgConnection@5cfed0ba
23 февр. 2024 - 20:50:50 INFO  com.zaxxer.hikari.HikariDataSource - HikariPool-1 - Start completed.
23 февр. 2024 - 20:50:50 INFO  o.h.jpa.internal.util.LogHelper - HHH000204: Processing PersistenceUnitInfo [name: default]
23 февр. 2024 - 20:50:50 INFO  org.hibernate.Version - HHH000412: Hibernate ORM core version 6.4.1.Final
23 февр. 2024 - 20:50:50 INFO  o.h.c.i.RegionFactoryInitiator - HHH000026: Second-level cache disabled
23 февр. 2024 - 20:50:51 INFO  o.s.o.j.p.SpringPersistenceUnitInfo - No LoadTimeWeaver setup: ignoring JPA class transformer
23 февр. 2024 - 20:50:52 INFO  o.h.e.t.j.p.i.JtaPlatformInitiator - HHH000489: No JTA platform available (set 'hibernate.transaction.jta.platform' to enable JTA platform integration)
23 февр. 2024 - 20:50:52 INFO  o.s.o.j.LocalContainerEntityManagerFactoryBean - Initialized JPA EntityManagerFactory for persistence unit 'default'
23 февр. 2024 - 20:50:52 INFO  o.s.d.j.r.query.QueryEnhancerFactory - Hibernate is in classpath; If applicable, HQL parser will be used.
23 февр. 2024 - 20:50:53 WARN  o.s.b.a.o.j.JpaBaseConfiguration$JpaWebConfiguration - spring.jpa.open-in-view is enabled by default. Therefore, database queries may be performed during view rendering. Explicitly configure spring.jpa.open-in-view to disable this warning
23 февр. 2024 - 20:50:53 INFO  o.s.s.web.DefaultSecurityFilterChain - Will secure any request with [org.springframework.security.web.session.DisableEncodeUrlFilter@6e92aadd, org.springframework.security.web.context.request.async.WebAsyncManagerIntegrationFilter@720bf74d, org.springframework.security.web.context.SecurityContextHolderFilter@f4ecbbf, org.springframework.security.web.header.HeaderWriterFilter@4cee91b, org.springframework.security.web.authentication.logout.LogoutFilter@1f94df5, org.example.kunuz.config.JwtTokenFilter@44eda25b, org.springframework.security.web.savedrequest.RequestCacheAwareFilter@579e8a7, org.springframework.security.web.servletapi.SecurityContextHolderAwareRequestFilter@18fa4822, org.springframework.security.web.authentication.AnonymousAuthenticationFilter@19146ad8, org.springframework.security.web.access.ExceptionTranslationFilter@40ea5cd3, org.springframework.security.web.access.intercept.AuthorizationFilter@40def23]
23 февр. 2024 - 20:50:54 INFO  o.e.kunUz.KunUzApplicationTests - Started KunUzApplicationTests in 5.82 seconds (process running for 6.834)
23 февр. 2024 - 20:50:54 INFO  o.f.c.i.license.VersionPrinter - Flyway Community Edition 9.22.3 by Redgate
23 февр. 2024 - 20:50:54 INFO  o.f.c.i.license.VersionPrinter - See release notes here: https://rd.gt/416ObMi
23 февр. 2024 - 20:50:54 INFO  o.f.c.i.license.VersionPrinter - 
23 февр. 2024 - 20:50:54 INFO  org.flywaydb.core.FlywayExecutor - Database: jdbc:postgresql://localhost:5432/kunUz (PostgreSQL 15.3)
23 февр. 2024 - 20:50:54 INFO  o.f.core.internal.command.DbValidate - Successfully validated 5 migrations (execution time 00:00.027s)
23 февр. 2024 - 20:50:54 INFO  o.f.core.internal.command.DbMigrate - Current version of schema "public": 4
23 февр. 2024 - 20:50:54 INFO  o.f.core.internal.command.DbMigrate - Schema "public" is up to date. No migration necessary.
23 февр. 2024 - 20:50:55 INFO  o.s.o.j.LocalContainerEntityManagerFactoryBean - Closing JPA EntityManagerFactory for persistence unit 'default'
23 февр. 2024 - 20:50:55 INFO  com.zaxxer.hikari.HikariDataSource - HikariPool-1 - Shutdown initiated...
23 февр. 2024 - 20:50:55 INFO  com.zaxxer.hikari.HikariDataSource - HikariPool-1 - Shutdown completed.
23 февр. 2024 - 20:51:23 WARN  o.s.b.t.j.DuplicateJsonObjectContextCustomizerFactory$DuplicateJsonObjectContextCustomizer - 

Found multiple occurrences of org.json.JSONObject on the class path:

	jar:file:/C:/Users/msigaming/.m2/repository/com/vaadin/external/google/android-json/0.0.20131108.vaadin1/android-json-0.0.20131108.vaadin1.jar!/org/json/JSONObject.class
	jar:file:/C:/Users/msigaming/.m2/repository/org/json/json/20220924/json-20220924.jar!/org/json/JSONObject.class

You may wish to exclude one of them to ensure predictable runtime behavior

23 февр. 2024 - 20:51:23 INFO  o.e.kunUz.KunUzApplicationTests - Starting KunUzApplicationTests using Java 21.0.2 with PID 16104 (started by msigaming in C:\Ixtiyorxon\Projects\KunUz\KunUz)
23 февр. 2024 - 20:51:23 INFO  o.e.kunUz.KunUzApplicationTests - The following 1 profile is active: "local"
23 февр. 2024 - 20:51:24 INFO  o.s.d.r.c.RepositoryConfigurationDelegate - Bootstrapping Spring Data JPA repositories in DEFAULT mode.
23 февр. 2024 - 20:51:24 INFO  o.s.d.r.c.RepositoryConfigurationDelegate - Finished Spring Data repository scanning in 54 ms. Found 11 JPA repository interfaces.
23 февр. 2024 - 20:51:24 INFO  com.zaxxer.hikari.HikariDataSource - HikariPool-1 - Starting...
23 февр. 2024 - 20:51:25 INFO  com.zaxxer.hikari.pool.HikariPool - HikariPool-1 - Added connection org.postgresql.jdbc.PgConnection@67b61834
23 февр. 2024 - 20:51:25 INFO  com.zaxxer.hikari.HikariDataSource - HikariPool-1 - Start completed.
23 февр. 2024 - 20:51:25 INFO  o.h.jpa.internal.util.LogHelper - HHH000204: Processing PersistenceUnitInfo [name: default]
23 февр. 2024 - 20:51:25 INFO  org.hibernate.Version - HHH000412: Hibernate ORM core version 6.4.1.Final
23 февр. 2024 - 20:51:25 INFO  o.h.c.i.RegionFactoryInitiator - HHH000026: Second-level cache disabled
23 февр. 2024 - 20:51:25 INFO  o.s.o.j.p.SpringPersistenceUnitInfo - No LoadTimeWeaver setup: ignoring JPA class transformer
23 февр. 2024 - 20:51:26 INFO  o.h.e.t.j.p.i.JtaPlatformInitiator - HHH000489: No JTA platform available (set 'hibernate.transaction.jta.platform' to enable JTA platform integration)
23 февр. 2024 - 20:51:26 INFO  o.s.o.j.LocalContainerEntityManagerFactoryBean - Initialized JPA EntityManagerFactory for persistence unit 'default'
23 февр. 2024 - 20:51:26 INFO  o.s.d.j.r.query.QueryEnhancerFactory - Hibernate is in classpath; If applicable, HQL parser will be used.
23 февр. 2024 - 20:51:27 WARN  o.s.b.a.o.j.JpaBaseConfiguration$JpaWebConfiguration - spring.jpa.open-in-view is enabled by default. Therefore, database queries may be performed during view rendering. Explicitly configure spring.jpa.open-in-view to disable this warning
23 февр. 2024 - 20:51:28 INFO  o.s.s.web.DefaultSecurityFilterChain - Will secure any request with [org.springframework.security.web.session.DisableEncodeUrlFilter@56972302, org.springframework.security.web.context.request.async.WebAsyncManagerIntegrationFilter@4a244aa3, org.springframework.security.web.context.SecurityContextHolderFilter@7ef9c234, org.springframework.security.web.header.HeaderWriterFilter@402cdec9, org.springframework.security.web.authentication.logout.LogoutFilter@3cc3914a, org.example.kunuz.config.JwtTokenFilter@1a370c7c, org.springframework.security.web.savedrequest.RequestCacheAwareFilter@33c9910e, org.springframework.security.web.servletapi.SecurityContextHolderAwareRequestFilter@40ea5cd3, org.springframework.security.web.authentication.AnonymousAuthenticationFilter@3f491bd2, org.springframework.security.web.access.ExceptionTranslationFilter@52072c45, org.springframework.security.web.access.intercept.AuthorizationFilter@edf68f5]
23 февр. 2024 - 20:51:28 INFO  o.e.kunUz.KunUzApplicationTests - Started KunUzApplicationTests in 5.225 seconds (process running for 6.04)
23 февр. 2024 - 20:51:28 INFO  o.f.c.i.license.VersionPrinter - Flyway Community Edition 9.22.3 by Redgate
23 февр. 2024 - 20:51:28 INFO  o.f.c.i.license.VersionPrinter - See release notes here: https://rd.gt/416ObMi
23 февр. 2024 - 20:51:28 INFO  o.f.c.i.license.VersionPrinter - 
23 февр. 2024 - 20:51:28 INFO  org.flywaydb.core.FlywayExecutor - Database: jdbc:postgresql://localhost:5432/kunUz (PostgreSQL 15.3)
23 февр. 2024 - 20:51:28 INFO  o.f.core.internal.command.DbValidate - Successfully validated 5 migrations (execution time 00:00.017s)
23 февр. 2024 - 20:51:28 INFO  o.f.core.internal.command.DbMigrate - Current version of schema "public": 4
23 февр. 2024 - 20:51:28 INFO  o.f.core.internal.command.DbMigrate - Schema "public" is up to date. No migration necessary.
23 февр. 2024 - 20:51:29 INFO  o.s.o.j.LocalContainerEntityManagerFactoryBean - Closing JPA EntityManagerFactory for persistence unit 'default'
23 февр. 2024 - 20:51:29 INFO  com.zaxxer.hikari.HikariDataSource - HikariPool-1 - Shutdown initiated...
23 февр. 2024 - 20:51:29 INFO  com.zaxxer.hikari.HikariDataSource - HikariPool-1 - Shutdown completed.
23 февр. 2024 - 20:51:37 WARN  o.s.b.t.j.DuplicateJsonObjectContextCustomizerFactory$DuplicateJsonObjectContextCustomizer - 

Found multiple occurrences of org.json.JSONObject on the class path:

	jar:file:/C:/Users/msigaming/.m2/repository/com/vaadin/external/google/android-json/0.0.20131108.vaadin1/android-json-0.0.20131108.vaadin1.jar!/org/json/JSONObject.class
	jar:file:/C:/Users/msigaming/.m2/repository/org/json/json/20220924/json-20220924.jar!/org/json/JSONObject.class

You may wish to exclude one of them to ensure predictable runtime behavior

23 февр. 2024 - 20:51:37 INFO  o.e.kunUz.KunUzApplicationTests - Starting KunUzApplicationTests using Java 21.0.2 with PID 9904 (started by msigaming in C:\Ixtiyorxon\Projects\KunUz\KunUz)
23 февр. 2024 - 20:51:37 INFO  o.e.kunUz.KunUzApplicationTests - The following 1 profile is active: "local"
23 февр. 2024 - 20:51:38 INFO  o.s.d.r.c.RepositoryConfigurationDelegate - Bootstrapping Spring Data JPA repositories in DEFAULT mode.
23 февр. 2024 - 20:51:38 INFO  o.s.d.r.c.RepositoryConfigurationDelegate - Finished Spring Data repository scanning in 59 ms. Found 11 JPA repository interfaces.
23 февр. 2024 - 20:51:38 INFO  com.zaxxer.hikari.HikariDataSource - HikariPool-1 - Starting...
23 февр. 2024 - 20:51:38 INFO  com.zaxxer.hikari.pool.HikariPool - HikariPool-1 - Added connection org.postgresql.jdbc.PgConnection@1cd2ff5b
23 февр. 2024 - 20:51:38 INFO  com.zaxxer.hikari.HikariDataSource - HikariPool-1 - Start completed.
23 февр. 2024 - 20:51:38 INFO  o.h.jpa.internal.util.LogHelper - HHH000204: Processing PersistenceUnitInfo [name: default]
23 февр. 2024 - 20:51:39 INFO  org.hibernate.Version - HHH000412: Hibernate ORM core version 6.4.1.Final
23 февр. 2024 - 20:51:39 INFO  o.h.c.i.RegionFactoryInitiator - HHH000026: Second-level cache disabled
23 февр. 2024 - 20:51:39 INFO  o.s.o.j.p.SpringPersistenceUnitInfo - No LoadTimeWeaver setup: ignoring JPA class transformer
23 февр. 2024 - 20:51:40 INFO  o.h.e.t.j.p.i.JtaPlatformInitiator - HHH000489: No JTA platform available (set 'hibernate.transaction.jta.platform' to enable JTA platform integration)
23 февр. 2024 - 20:51:40 INFO  o.s.o.j.LocalContainerEntityManagerFactoryBean - Initialized JPA EntityManagerFactory for persistence unit 'default'
23 февр. 2024 - 20:51:40 INFO  o.s.d.j.r.query.QueryEnhancerFactory - Hibernate is in classpath; If applicable, HQL parser will be used.
23 февр. 2024 - 20:51:41 WARN  o.s.b.a.o.j.JpaBaseConfiguration$JpaWebConfiguration - spring.jpa.open-in-view is enabled by default. Therefore, database queries may be performed during view rendering. Explicitly configure spring.jpa.open-in-view to disable this warning
23 февр. 2024 - 20:51:41 INFO  o.s.s.web.DefaultSecurityFilterChain - Will secure any request with [org.springframework.security.web.session.DisableEncodeUrlFilter@cdf3ee2, org.springframework.security.web.context.request.async.WebAsyncManagerIntegrationFilter@21c301ab, org.springframework.security.web.context.SecurityContextHolderFilter@61906bb1, org.springframework.security.web.header.HeaderWriterFilter@7c3b7d7c, org.springframework.security.web.authentication.logout.LogoutFilter@74947f2b, org.example.kunuz.config.JwtTokenFilter@1464a177, org.springframework.security.web.savedrequest.RequestCacheAwareFilter@c91ced9, org.springframework.security.web.servletapi.SecurityContextHolderAwareRequestFilter@46e03c31, org.springframework.security.web.authentication.AnonymousAuthenticationFilter@1bbbede1, org.springframework.security.web.access.ExceptionTranslationFilter@696e9e14, org.springframework.security.web.access.intercept.AuthorizationFilter@19146ad8]
23 февр. 2024 - 20:51:42 INFO  o.e.kunUz.KunUzApplicationTests - Started KunUzApplicationTests in 5.359 seconds (process running for 6.368)
23 февр. 2024 - 20:51:42 INFO  o.f.c.i.license.VersionPrinter - Flyway Community Edition 9.22.3 by Redgate
23 февр. 2024 - 20:51:42 INFO  o.f.c.i.license.VersionPrinter - See release notes here: https://rd.gt/416ObMi
23 февр. 2024 - 20:51:42 INFO  o.f.c.i.license.VersionPrinter - 
23 февр. 2024 - 20:51:42 INFO  org.flywaydb.core.FlywayExecutor - Database: jdbc:postgresql://localhost:5432/kunUz (PostgreSQL 15.3)
23 февр. 2024 - 20:51:42 INFO  o.f.core.internal.command.DbValidate - Successfully validated 5 migrations (execution time 00:00.018s)
23 февр. 2024 - 20:51:42 INFO  o.f.core.internal.command.DbMigrate - Current version of schema "public": 4
23 февр. 2024 - 20:51:42 INFO  o.f.core.internal.command.DbMigrate - Schema "public" is up to date. No migration necessary.
23 февр. 2024 - 20:51:42 INFO  o.s.o.j.LocalContainerEntityManagerFactoryBean - Closing JPA EntityManagerFactory for persistence unit 'default'
23 февр. 2024 - 20:51:42 INFO  com.zaxxer.hikari.HikariDataSource - HikariPool-1 - Shutdown initiated...
23 февр. 2024 - 20:51:42 INFO  com.zaxxer.hikari.HikariDataSource - HikariPool-1 - Shutdown completed.
23 февр. 2024 - 21:03:16 WARN  o.s.b.t.j.DuplicateJsonObjectContextCustomizerFactory$DuplicateJsonObjectContextCustomizer - 

Found multiple occurrences of org.json.JSONObject on the class path:

	jar:file:/C:/Users/msigaming/.m2/repository/com/vaadin/external/google/android-json/0.0.20131108.vaadin1/android-json-0.0.20131108.vaadin1.jar!/org/json/JSONObject.class
	jar:file:/C:/Users/msigaming/.m2/repository/org/json/json/20220924/json-20220924.jar!/org/json/JSONObject.class

You may wish to exclude one of them to ensure predictable runtime behavior

23 февр. 2024 - 21:03:16 INFO  o.e.kunUz.KunUzApplicationTests - Starting KunUzApplicationTests using Java 21.0.2 with PID 16392 (started by msigaming in C:\Ixtiyorxon\Projects\KunUz\KunUz)
23 февр. 2024 - 21:03:16 INFO  o.e.kunUz.KunUzApplicationTests - The following 1 profile is active: "local"
23 февр. 2024 - 21:03:17 INFO  o.s.d.r.c.RepositoryConfigurationDelegate - Bootstrapping Spring Data JPA repositories in DEFAULT mode.
23 февр. 2024 - 21:03:17 INFO  o.s.d.r.c.RepositoryConfigurationDelegate - Finished Spring Data repository scanning in 56 ms. Found 11 JPA repository interfaces.
23 февр. 2024 - 21:03:17 INFO  com.zaxxer.hikari.HikariDataSource - HikariPool-1 - Starting...
23 февр. 2024 - 21:03:17 INFO  com.zaxxer.hikari.pool.HikariPool - HikariPool-1 - Added connection org.postgresql.jdbc.PgConnection@382d71c7
23 февр. 2024 - 21:03:17 INFO  com.zaxxer.hikari.HikariDataSource - HikariPool-1 - Start completed.
23 февр. 2024 - 21:03:18 INFO  o.h.jpa.internal.util.LogHelper - HHH000204: Processing PersistenceUnitInfo [name: default]
23 февр. 2024 - 21:03:18 INFO  org.hibernate.Version - HHH000412: Hibernate ORM core version 6.4.1.Final
23 февр. 2024 - 21:03:18 INFO  o.h.c.i.RegionFactoryInitiator - HHH000026: Second-level cache disabled
23 февр. 2024 - 21:03:18 INFO  o.s.o.j.p.SpringPersistenceUnitInfo - No LoadTimeWeaver setup: ignoring JPA class transformer
23 февр. 2024 - 21:03:19 INFO  o.h.e.t.j.p.i.JtaPlatformInitiator - HHH000489: No JTA platform available (set 'hibernate.transaction.jta.platform' to enable JTA platform integration)
23 февр. 2024 - 21:03:19 INFO  o.s.o.j.LocalContainerEntityManagerFactoryBean - Initialized JPA EntityManagerFactory for persistence unit 'default'
23 февр. 2024 - 21:03:19 INFO  o.s.d.j.r.query.QueryEnhancerFactory - Hibernate is in classpath; If applicable, HQL parser will be used.
23 февр. 2024 - 21:03:21 WARN  o.s.b.a.o.j.JpaBaseConfiguration$JpaWebConfiguration - spring.jpa.open-in-view is enabled by default. Therefore, database queries may be performed during view rendering. Explicitly configure spring.jpa.open-in-view to disable this warning
23 февр. 2024 - 21:03:21 INFO  o.s.s.web.DefaultSecurityFilterChain - Will secure any request with [org.springframework.security.web.session.DisableEncodeUrlFilter@68a4129d, org.springframework.security.web.context.request.async.WebAsyncManagerIntegrationFilter@475ca2c6, org.springframework.security.web.context.SecurityContextHolderFilter@4631a6a9, org.springframework.security.web.header.HeaderWriterFilter@6c90063f, org.springframework.security.web.authentication.logout.LogoutFilter@1592a3d5, org.example.kunuz.config.JwtTokenFilter@e8ef60b, org.springframework.security.web.savedrequest.RequestCacheAwareFilter@66626c96, org.springframework.security.web.servletapi.SecurityContextHolderAwareRequestFilter@7b828793, org.springframework.security.web.authentication.AnonymousAuthenticationFilter@7064ae69, org.springframework.security.web.access.ExceptionTranslationFilter@61ae22d4, org.springframework.security.web.access.intercept.AuthorizationFilter@3c9163df]
23 февр. 2024 - 21:03:21 INFO  o.e.kunUz.KunUzApplicationTests - Started KunUzApplicationTests in 5.859 seconds (process running for 6.814)
23 февр. 2024 - 21:03:21 INFO  o.f.c.i.license.VersionPrinter - Flyway Community Edition 9.22.3 by Redgate
23 февр. 2024 - 21:03:21 INFO  o.f.c.i.license.VersionPrinter - See release notes here: https://rd.gt/416ObMi
23 февр. 2024 - 21:03:21 INFO  o.f.c.i.license.VersionPrinter - 
23 февр. 2024 - 21:03:21 INFO  org.flywaydb.core.FlywayExecutor - Database: jdbc:postgresql://localhost:5432/kunUz (PostgreSQL 15.3)
23 февр. 2024 - 21:03:22 INFO  o.f.core.internal.command.DbValidate - Successfully validated 5 migrations (execution time 00:00.019s)
23 февр. 2024 - 21:03:22 INFO  o.f.core.internal.command.DbMigrate - Current version of schema "public": 4
23 февр. 2024 - 21:03:22 INFO  o.f.core.internal.command.DbMigrate - Schema "public" is up to date. No migration necessary.
23 февр. 2024 - 21:03:22 INFO  o.s.o.j.LocalContainerEntityManagerFactoryBean - Closing JPA EntityManagerFactory for persistence unit 'default'
23 февр. 2024 - 21:03:22 INFO  com.zaxxer.hikari.HikariDataSource - HikariPool-1 - Shutdown initiated...
23 февр. 2024 - 21:03:22 INFO  com.zaxxer.hikari.HikariDataSource - HikariPool-1 - Shutdown completed.
23 февр. 2024 - 21:12:34 WARN  o.s.b.t.j.DuplicateJsonObjectContextCustomizerFactory$DuplicateJsonObjectContextCustomizer - 

Found multiple occurrences of org.json.JSONObject on the class path:

	jar:file:/C:/Users/msigaming/.m2/repository/com/vaadin/external/google/android-json/0.0.20131108.vaadin1/android-json-0.0.20131108.vaadin1.jar!/org/json/JSONObject.class
	jar:file:/C:/Users/msigaming/.m2/repository/org/json/json/20220924/json-20220924.jar!/org/json/JSONObject.class

You may wish to exclude one of them to ensure predictable runtime behavior

23 февр. 2024 - 21:12:34 INFO  o.e.kunUz.KunUzApplicationTests - Starting KunUzApplicationTests using Java 21.0.2 with PID 4408 (started by msigaming in C:\Ixtiyorxon\Projects\KunUz\KunUz)
23 февр. 2024 - 21:12:34 INFO  o.e.kunUz.KunUzApplicationTests - The following 1 profile is active: "local"
23 февр. 2024 - 21:12:35 INFO  o.s.d.r.c.RepositoryConfigurationDelegate - Bootstrapping Spring Data JPA repositories in DEFAULT mode.
23 февр. 2024 - 21:12:35 INFO  o.s.d.r.c.RepositoryConfigurationDelegate - Finished Spring Data repository scanning in 57 ms. Found 11 JPA repository interfaces.
23 февр. 2024 - 21:12:35 INFO  com.zaxxer.hikari.HikariDataSource - HikariPool-1 - Starting...
23 февр. 2024 - 21:12:36 INFO  com.zaxxer.hikari.pool.HikariPool - HikariPool-1 - Added connection org.postgresql.jdbc.PgConnection@28be7fec
23 февр. 2024 - 21:12:36 INFO  com.zaxxer.hikari.HikariDataSource - HikariPool-1 - Start completed.
23 февр. 2024 - 21:12:36 INFO  o.h.jpa.internal.util.LogHelper - HHH000204: Processing PersistenceUnitInfo [name: default]
23 февр. 2024 - 21:12:36 INFO  org.hibernate.Version - HHH000412: Hibernate ORM core version 6.4.1.Final
23 февр. 2024 - 21:12:36 INFO  o.h.c.i.RegionFactoryInitiator - HHH000026: Second-level cache disabled
23 февр. 2024 - 21:12:36 INFO  o.s.o.j.p.SpringPersistenceUnitInfo - No LoadTimeWeaver setup: ignoring JPA class transformer
23 февр. 2024 - 21:12:37 INFO  o.h.e.t.j.p.i.JtaPlatformInitiator - HHH000489: No JTA platform available (set 'hibernate.transaction.jta.platform' to enable JTA platform integration)
23 февр. 2024 - 21:12:37 INFO  o.s.o.j.LocalContainerEntityManagerFactoryBean - Initialized JPA EntityManagerFactory for persistence unit 'default'
23 февр. 2024 - 21:12:38 INFO  o.s.d.j.r.query.QueryEnhancerFactory - Hibernate is in classpath; If applicable, HQL parser will be used.
23 февр. 2024 - 21:12:39 WARN  o.s.b.a.o.j.JpaBaseConfiguration$JpaWebConfiguration - spring.jpa.open-in-view is enabled by default. Therefore, database queries may be performed during view rendering. Explicitly configure spring.jpa.open-in-view to disable this warning
23 февр. 2024 - 21:12:39 INFO  o.s.s.web.DefaultSecurityFilterChain - Will secure any request with [org.springframework.security.web.session.DisableEncodeUrlFilter@4f168322, org.springframework.security.web.context.request.async.WebAsyncManagerIntegrationFilter@411acaed, org.springframework.security.web.context.SecurityContextHolderFilter@2b4727e4, org.springframework.security.web.header.HeaderWriterFilter@3c5077f6, org.springframework.security.web.authentication.logout.LogoutFilter@7064ae69, org.example.kunuz.config.JwtTokenFilter@4b38d912, org.springframework.security.web.savedrequest.RequestCacheAwareFilter@5c2086b4, org.springframework.security.web.servletapi.SecurityContextHolderAwareRequestFilter@31a8b0bb, org.springframework.security.web.authentication.AnonymousAuthenticationFilter@d9e61f2, org.springframework.security.web.access.ExceptionTranslationFilter@882c166, org.springframework.security.web.access.intercept.AuthorizationFilter@7a56c3c7]
23 февр. 2024 - 21:12:40 INFO  o.e.kunUz.KunUzApplicationTests - Started KunUzApplicationTests in 5.835 seconds (process running for 6.654)
23 февр. 2024 - 21:12:40 INFO  o.f.c.i.license.VersionPrinter - Flyway Community Edition 9.22.3 by Redgate
23 февр. 2024 - 21:12:40 INFO  o.f.c.i.license.VersionPrinter - See release notes here: https://rd.gt/416ObMi
23 февр. 2024 - 21:12:40 INFO  o.f.c.i.license.VersionPrinter - 
23 февр. 2024 - 21:12:40 INFO  org.flywaydb.core.FlywayExecutor - Database: jdbc:postgresql://localhost:5432/kunUz (PostgreSQL 15.3)
23 февр. 2024 - 21:12:40 INFO  o.f.core.internal.command.DbValidate - Successfully validated 5 migrations (execution time 00:00.023s)
23 февр. 2024 - 21:12:40 INFO  o.f.core.internal.command.DbMigrate - Current version of schema "public": 4
23 февр. 2024 - 21:12:40 INFO  o.f.core.internal.command.DbMigrate - Schema "public" is up to date. No migration necessary.
23 февр. 2024 - 21:12:40 INFO  o.s.o.j.LocalContainerEntityManagerFactoryBean - Closing JPA EntityManagerFactory for persistence unit 'default'
23 февр. 2024 - 21:12:40 INFO  com.zaxxer.hikari.HikariDataSource - HikariPool-1 - Shutdown initiated...
23 февр. 2024 - 21:12:40 INFO  com.zaxxer.hikari.HikariDataSource - HikariPool-1 - Shutdown completed.
23 февр. 2024 - 21:21:40 WARN  o.s.b.t.j.DuplicateJsonObjectContextCustomizerFactory$DuplicateJsonObjectContextCustomizer - 

Found multiple occurrences of org.json.JSONObject on the class path:

	jar:file:/C:/Users/msigaming/.m2/repository/com/vaadin/external/google/android-json/0.0.20131108.vaadin1/android-json-0.0.20131108.vaadin1.jar!/org/json/JSONObject.class
	jar:file:/C:/Users/msigaming/.m2/repository/org/json/json/20220924/json-20220924.jar!/org/json/JSONObject.class

You may wish to exclude one of them to ensure predictable runtime behavior

23 февр. 2024 - 21:21:40 INFO  o.e.kunUz.KunUzApplicationTests - Starting KunUzApplicationTests using Java 21.0.2 with PID 10984 (started by msigaming in C:\Ixtiyorxon\Projects\KunUz\KunUz)
23 февр. 2024 - 21:21:40 INFO  o.e.kunUz.KunUzApplicationTests - The following 1 profile is active: "local"
23 февр. 2024 - 21:21:41 INFO  o.s.d.r.c.RepositoryConfigurationDelegate - Bootstrapping Spring Data JPA repositories in DEFAULT mode.
23 февр. 2024 - 21:21:41 INFO  o.s.d.r.c.RepositoryConfigurationDelegate - Finished Spring Data repository scanning in 53 ms. Found 11 JPA repository interfaces.
23 февр. 2024 - 21:21:42 INFO  com.zaxxer.hikari.HikariDataSource - HikariPool-1 - Starting...
23 февр. 2024 - 21:21:42 INFO  com.zaxxer.hikari.pool.HikariPool - HikariPool-1 - Added connection org.postgresql.jdbc.PgConnection@6380e9e9
23 февр. 2024 - 21:21:42 INFO  com.zaxxer.hikari.HikariDataSource - HikariPool-1 - Start completed.
23 февр. 2024 - 21:21:42 INFO  o.h.jpa.internal.util.LogHelper - HHH000204: Processing PersistenceUnitInfo [name: default]
23 февр. 2024 - 21:21:42 INFO  org.hibernate.Version - HHH000412: Hibernate ORM core version 6.4.1.Final
23 февр. 2024 - 21:21:42 INFO  o.h.c.i.RegionFactoryInitiator - HHH000026: Second-level cache disabled
23 февр. 2024 - 21:21:42 INFO  o.s.o.j.p.SpringPersistenceUnitInfo - No LoadTimeWeaver setup: ignoring JPA class transformer
23 февр. 2024 - 21:21:43 INFO  o.h.e.t.j.p.i.JtaPlatformInitiator - HHH000489: No JTA platform available (set 'hibernate.transaction.jta.platform' to enable JTA platform integration)
23 февр. 2024 - 21:21:43 INFO  o.s.o.j.LocalContainerEntityManagerFactoryBean - Initialized JPA EntityManagerFactory for persistence unit 'default'
23 февр. 2024 - 21:21:44 INFO  o.s.d.j.r.query.QueryEnhancerFactory - Hibernate is in classpath; If applicable, HQL parser will be used.
23 февр. 2024 - 21:21:45 WARN  o.s.b.a.o.j.JpaBaseConfiguration$JpaWebConfiguration - spring.jpa.open-in-view is enabled by default. Therefore, database queries may be performed during view rendering. Explicitly configure spring.jpa.open-in-view to disable this warning
23 февр. 2024 - 21:21:45 INFO  o.s.s.web.DefaultSecurityFilterChain - Will secure any request with [org.springframework.security.web.session.DisableEncodeUrlFilter@46ce6678, org.springframework.security.web.context.request.async.WebAsyncManagerIntegrationFilter@38f2c97e, org.springframework.security.web.context.SecurityContextHolderFilter@18d3e7fc, org.springframework.security.web.header.HeaderWriterFilter@7d5caf3, org.springframework.security.web.authentication.logout.LogoutFilter@2c174215, org.example.kunuz.config.JwtTokenFilter@6ed2aa8a, org.springframework.security.web.savedrequest.RequestCacheAwareFilter@24f3d208, org.springframework.security.web.servletapi.SecurityContextHolderAwareRequestFilter@7531ba53, org.springframework.security.web.authentication.AnonymousAuthenticationFilter@302b6367, org.springframework.security.web.access.ExceptionTranslationFilter@73e6d475, org.springframework.security.web.access.intercept.AuthorizationFilter@1972346b]
23 февр. 2024 - 21:21:46 INFO  o.e.kunUz.KunUzApplicationTests - Started KunUzApplicationTests in 5.303 seconds (process running for 6.119)
23 февр. 2024 - 21:21:46 INFO  o.f.c.i.license.VersionPrinter - Flyway Community Edition 9.22.3 by Redgate
23 февр. 2024 - 21:21:46 INFO  o.f.c.i.license.VersionPrinter - See release notes here: https://rd.gt/416ObMi
23 февр. 2024 - 21:21:46 INFO  o.f.c.i.license.VersionPrinter - 
23 февр. 2024 - 21:21:46 INFO  org.flywaydb.core.FlywayExecutor - Database: jdbc:postgresql://localhost:5432/kunUz (PostgreSQL 15.3)
23 февр. 2024 - 21:21:46 INFO  o.f.core.internal.command.DbValidate - Successfully validated 5 migrations (execution time 00:00.017s)
23 февр. 2024 - 21:21:46 INFO  o.f.core.internal.command.DbMigrate - Current version of schema "public": 4
23 февр. 2024 - 21:21:46 INFO  o.f.core.internal.command.DbMigrate - Schema "public" is up to date. No migration necessary.
23 февр. 2024 - 21:21:46 INFO  o.s.o.j.LocalContainerEntityManagerFactoryBean - Closing JPA EntityManagerFactory for persistence unit 'default'
23 февр. 2024 - 21:21:46 INFO  com.zaxxer.hikari.HikariDataSource - HikariPool-1 - Shutdown initiated...
23 февр. 2024 - 21:21:46 INFO  com.zaxxer.hikari.HikariDataSource - HikariPool-1 - Shutdown completed.
23 февр. 2024 - 21:34:44 WARN  o.s.b.t.j.DuplicateJsonObjectContextCustomizerFactory$DuplicateJsonObjectContextCustomizer - 

Found multiple occurrences of org.json.JSONObject on the class path:

	jar:file:/C:/Users/msigaming/.m2/repository/com/vaadin/external/google/android-json/0.0.20131108.vaadin1/android-json-0.0.20131108.vaadin1.jar!/org/json/JSONObject.class
	jar:file:/C:/Users/msigaming/.m2/repository/org/json/json/20220924/json-20220924.jar!/org/json/JSONObject.class

You may wish to exclude one of them to ensure predictable runtime behavior

23 февр. 2024 - 21:34:44 INFO  o.e.kunUz.KunUzApplicationTests - Starting KunUzApplicationTests using Java 21.0.2 with PID 3876 (started by msigaming in C:\Ixtiyorxon\Projects\KunUz\KunUz)
23 февр. 2024 - 21:34:44 INFO  o.e.kunUz.KunUzApplicationTests - The following 1 profile is active: "local"
23 февр. 2024 - 21:34:45 INFO  o.s.d.r.c.RepositoryConfigurationDelegate - Bootstrapping Spring Data JPA repositories in DEFAULT mode.
23 февр. 2024 - 21:34:45 INFO  o.s.d.r.c.RepositoryConfigurationDelegate - Finished Spring Data repository scanning in 58 ms. Found 11 JPA repository interfaces.
23 февр. 2024 - 21:34:45 INFO  com.zaxxer.hikari.HikariDataSource - HikariPool-1 - Starting...
23 февр. 2024 - 21:34:46 INFO  com.zaxxer.hikari.pool.HikariPool - HikariPool-1 - Added connection org.postgresql.jdbc.PgConnection@50598a1a
23 февр. 2024 - 21:34:46 INFO  com.zaxxer.hikari.HikariDataSource - HikariPool-1 - Start completed.
23 февр. 2024 - 21:34:46 INFO  o.h.jpa.internal.util.LogHelper - HHH000204: Processing PersistenceUnitInfo [name: default]
23 февр. 2024 - 21:34:46 INFO  org.hibernate.Version - HHH000412: Hibernate ORM core version 6.4.1.Final
23 февр. 2024 - 21:34:46 INFO  o.h.c.i.RegionFactoryInitiator - HHH000026: Second-level cache disabled
23 февр. 2024 - 21:34:46 INFO  o.s.o.j.p.SpringPersistenceUnitInfo - No LoadTimeWeaver setup: ignoring JPA class transformer
23 февр. 2024 - 21:34:47 INFO  o.h.e.t.j.p.i.JtaPlatformInitiator - HHH000489: No JTA platform available (set 'hibernate.transaction.jta.platform' to enable JTA platform integration)
23 февр. 2024 - 21:34:48 INFO  o.s.o.j.LocalContainerEntityManagerFactoryBean - Initialized JPA EntityManagerFactory for persistence unit 'default'
23 февр. 2024 - 21:34:48 INFO  o.s.d.j.r.query.QueryEnhancerFactory - Hibernate is in classpath; If applicable, HQL parser will be used.
23 февр. 2024 - 21:34:49 WARN  o.s.b.a.o.j.JpaBaseConfiguration$JpaWebConfiguration - spring.jpa.open-in-view is enabled by default. Therefore, database queries may be performed during view rendering. Explicitly configure spring.jpa.open-in-view to disable this warning
23 февр. 2024 - 21:34:50 INFO  o.s.s.web.DefaultSecurityFilterChain - Will secure any request with [org.springframework.security.web.session.DisableEncodeUrlFilter@61f9cab2, org.springframework.security.web.context.request.async.WebAsyncManagerIntegrationFilter@1a8d4a3c, org.springframework.security.web.context.SecurityContextHolderFilter@31a8b0bb, org.springframework.security.web.header.HeaderWriterFilter@2b4727e4, org.springframework.security.web.authentication.logout.LogoutFilter@58842f55, org.example.kunuz.config.JwtTokenFilter@14144cc9, org.springframework.security.web.savedrequest.RequestCacheAwareFilter@fac6d4a, org.springframework.security.web.servletapi.SecurityContextHolderAwareRequestFilter@57e15f2d, org.springframework.security.web.authentication.AnonymousAuthenticationFilter@dd7b622, org.springframework.security.web.access.ExceptionTranslationFilter@497031ea, org.springframework.security.web.access.intercept.AuthorizationFilter@411acaed]
23 февр. 2024 - 21:34:50 INFO  o.e.kunUz.KunUzApplicationTests - Started KunUzApplicationTests in 6.728 seconds (process running for 7.89)
23 февр. 2024 - 21:34:50 INFO  o.f.c.i.license.VersionPrinter - Flyway Community Edition 9.22.3 by Redgate
23 февр. 2024 - 21:34:50 INFO  o.f.c.i.license.VersionPrinter - See release notes here: https://rd.gt/416ObMi
23 февр. 2024 - 21:34:50 INFO  o.f.c.i.license.VersionPrinter - 
23 февр. 2024 - 21:34:50 INFO  org.flywaydb.core.FlywayExecutor - Database: jdbc:postgresql://localhost:5432/kunUz (PostgreSQL 15.3)
23 февр. 2024 - 21:34:50 INFO  o.f.core.internal.command.DbValidate - Successfully validated 5 migrations (execution time 00:00.020s)
23 февр. 2024 - 21:34:50 INFO  o.f.core.internal.command.DbMigrate - Current version of schema "public": 4
23 февр. 2024 - 21:34:50 INFO  o.f.core.internal.command.DbMigrate - Schema "public" is up to date. No migration necessary.
23 февр. 2024 - 21:34:51 INFO  o.s.o.j.LocalContainerEntityManagerFactoryBean - Closing JPA EntityManagerFactory for persistence unit 'default'
23 февр. 2024 - 21:34:51 INFO  com.zaxxer.hikari.HikariDataSource - HikariPool-1 - Shutdown initiated...
23 февр. 2024 - 21:34:51 INFO  com.zaxxer.hikari.HikariDataSource - HikariPool-1 - Shutdown completed.
